[35m[1mConsolidate compiler generated dependencies of target nav[0m
[ 50%] [32mBuilding CXX object CMakeFiles/nav.dir/src/main.cpp.o[0m
[100%] [32m[1mLinking CXX executable nav[0m
[100%] Built target nav
-- Install configuration: ""
-- Installing: /home/sundharvs/nist_slam_ws/src/waypoint_nav/install/waypoint_nav/lib/waypoint_nav/nav
-- Set runtime path of "/home/sundharvs/nist_slam_ws/src/waypoint_nav/install/waypoint_nav/lib/waypoint_nav/nav" to ""
-- Installing: /home/sundharvs/nist_slam_ws/src/waypoint_nav/install/waypoint_nav/share/ament_index/resource_index/package_run_dependencies/waypoint_nav
-- Installing: /home/sundharvs/nist_slam_ws/src/waypoint_nav/install/waypoint_nav/share/ament_index/resource_index/parent_prefix_path/waypoint_nav
-- Installing: /home/sundharvs/nist_slam_ws/src/waypoint_nav/install/waypoint_nav/share/waypoint_nav/environment/ament_prefix_path.sh
-- Installing: /home/sundharvs/nist_slam_ws/src/waypoint_nav/install/waypoint_nav/share/waypoint_nav/environment/ament_prefix_path.dsv
-- Installing: /home/sundharvs/nist_slam_ws/src/waypoint_nav/install/waypoint_nav/share/waypoint_nav/environment/path.sh
-- Installing: /home/sundharvs/nist_slam_ws/src/waypoint_nav/install/waypoint_nav/share/waypoint_nav/environment/path.dsv
-- Installing: /home/sundharvs/nist_slam_ws/src/waypoint_nav/install/waypoint_nav/share/waypoint_nav/local_setup.bash
-- Installing: /home/sundharvs/nist_slam_ws/src/waypoint_nav/install/waypoint_nav/share/waypoint_nav/local_setup.sh
-- Installing: /home/sundharvs/nist_slam_ws/src/waypoint_nav/install/waypoint_nav/share/waypoint_nav/local_setup.zsh
-- Installing: /home/sundharvs/nist_slam_ws/src/waypoint_nav/install/waypoint_nav/share/waypoint_nav/local_setup.dsv
-- Installing: /home/sundharvs/nist_slam_ws/src/waypoint_nav/install/waypoint_nav/share/waypoint_nav/package.dsv
-- Installing: /home/sundharvs/nist_slam_ws/src/waypoint_nav/install/waypoint_nav/share/ament_index/resource_index/packages/waypoint_nav
-- Installing: /home/sundharvs/nist_slam_ws/src/waypoint_nav/install/waypoint_nav/share/waypoint_nav/cmake/waypoint_navConfig.cmake
-- Installing: /home/sundharvs/nist_slam_ws/src/waypoint_nav/install/waypoint_nav/share/waypoint_nav/cmake/waypoint_navConfig-version.cmake
-- Installing: /home/sundharvs/nist_slam_ws/src/waypoint_nav/install/waypoint_nav/share/waypoint_nav/package.xml
