[0.082s] Invoking command in '/home/sundharvs/nist_slam_ws/src/waypoint_nav/build/waypoint_nav': CMAKE_PREFIX_PATH=${CMAKE_PREFIX_PATH}:/opt/ros/humble /usr/bin/cmake --build /home/sundharvs/nist_slam_ws/src/waypoint_nav/build/waypoint_nav -- -j8 -l8
[0.117s] [35m[1mConsolidate compiler generated dependencies of target nav[0m
[0.135s] [ 50%] [32mBuilding CXX object CMakeFiles/nav.dir/src/main.cpp.o[0m
[6.137s] [01m[K/home/sundharvs/nist_slam_ws/src/waypoint_nav/src/main.cpp:85:38:[m[K [01;31m[Kerror: [m[K‘[01m[KTimesyncStatus[m[K’ was not declared in this scope
[6.137s]    85 |                 rclcpp::Subscription<[01;31m[KTimesyncStatus[m[K>::SharedPtr timesync_subscription_;
[6.137s]       |                                      [01;31m[K^~~~~~~~~~~~~~[m[K
[6.137s] [01m[K/home/sundharvs/nist_slam_ws/src/waypoint_nav/src/main.cpp:85:52:[m[K [01;31m[Kerror: [m[Ktemplate argument 1 is invalid
[6.137s]    85 |                 rclcpp::Subscription<TimesyncStatus[01;31m[K>[m[K::SharedPtr timesync_subscription_;
[6.137s]       |                                                    [01;31m[K^[m[K
[6.137s] [01m[K/home/sundharvs/nist_slam_ws/src/waypoint_nav/src/main.cpp:85:52:[m[K [01;31m[Kerror: [m[Ktemplate argument 3 is invalid
[6.137s] [01m[K/home/sundharvs/nist_slam_ws/src/waypoint_nav/src/main.cpp:85:52:[m[K [01;31m[Kerror: [m[Ktemplate argument 4 is invalid
[6.137s] [01m[K/home/sundharvs/nist_slam_ws/src/waypoint_nav/src/main.cpp:85:52:[m[K [01;31m[Kerror: [m[Ktemplate argument 5 is invalid
[6.137s] [01m[K/home/sundharvs/nist_slam_ws/src/waypoint_nav/src/main.cpp:85:55:[m[K [01;31m[Kerror: [m[Kexpected ‘[01m[K;[m[K’ at end of member declaration
[6.137s]    85 |                 rclcpp::Subscription<TimesyncStatus>::[01;31m[KSharedPtr[m[K timesync_subscription_;
[6.137s]       |                                                       [01;31m[K^~~~~~~~~[m[K
[6.137s]       |                                                                [32m[K;[m[K
[6.137s] [01m[K/home/sundharvs/nist_slam_ws/src/waypoint_nav/src/main.cpp:85:65:[m[K [01;31m[Kerror: [m[K‘[01m[Ktimesync_subscription_[m[K’ does not name a type; did you mean ‘[01m[Krmw_subscription_t[m[K’?
[6.137s]    85 |                 rclcpp::Subscription<TimesyncStatus>::SharedPtr [01;31m[Ktimesync_subscription_[m[K;
[6.137s]       |                                                                 [01;31m[K^~~~~~~~~~~~~~~~~~~~~~[m[K
[6.137s]       |                                                                 [32m[Krmw_subscription_t[m[K
[6.137s] [01m[K/home/sundharvs/nist_slam_ws/src/waypoint_nav/src/main.cpp:[m[K In constructor ‘[01m[KWaypointNav::WaypointNav()[m[K’:
[6.138s] [01m[K/home/sundharvs/nist_slam_ws/src/waypoint_nav/src/main.cpp:47:25:[m[K [01;31m[Kerror: [m[K‘[01m[Ktimesync_subscription_[m[K’ was not declared in this scope; did you mean ‘[01m[Kgoal_subscription_[m[K’?
[6.138s]    47 |                         [01;31m[Ktimesync_subscription_[m[K = this->create_subscription<TimesyncStatus>("/fmu/out/timesync_status", 10, std::bind(&WaypointNav::timesync_callback));
[6.138s]       |                         [01;31m[K^~~~~~~~~~~~~~~~~~~~~~[m[K
[6.138s]       |                         [32m[Kgoal_subscription_[m[K
[6.138s] [01m[K/home/sundharvs/nist_slam_ws/src/waypoint_nav/src/main.cpp:47:76:[m[K [01;31m[Kerror: [m[K‘[01m[KTimesyncStatus[m[K’ was not declared in this scope
[6.138s]    47 |                         timesync_subscription_ = this->create_subscription<[01;31m[KTimesyncStatus[m[K>("/fmu/out/timesync_status", 10, std::bind(&WaypointNav::timesync_callback));
[6.138s]       |                                                                            [01;31m[K^~~~~~~~~~~~~~[m[K
[6.138s] [01m[K/home/sundharvs/nist_slam_ws/src/waypoint_nav/src/main.cpp:47:148:[m[K [01;31m[Kerror: [m[K‘[01m[Ktimesync_callback[m[K’ is not a member of ‘[01m[KWaypointNav[m[K’
[6.138s]    47 |                         timesync_subscription_ = this->create_subscription<TimesyncStatus>("/fmu/out/timesync_status", 10, std::bind(&WaypointNav::[01;31m[Ktimesync_callback[m[K));
[6.138s]       |                                                                                                                                                    [01;31m[K^~~~~~~~~~~~~~~~~[m[K
[6.138s] [01m[K/home/sundharvs/nist_slam_ws/src/waypoint_nav/src/main.cpp:[m[K In member function ‘[01m[Kvoid WaypointNav::goal_callback(geometry_msgs::msg::PoseStamped_<std::allocator<void> >::SharedPtr)[m[K’:
[6.138s] [01m[K/home/sundharvs/nist_slam_ws/src/waypoint_nav/src/main.cpp:174:44:[m[K [01;35m[Kwarning: [m[Knarrowing conversion of ‘[01m[K((const std::__shared_ptr_access<geometry_msgs::msg::PoseStamped_<std::allocator<void> >, __gnu_cxx::_S_atomic, false, false>*)(& msg))->std::__shared_ptr_access<geometry_msgs::msg::PoseStamped_<std::allocator<void> >, __gnu_cxx::_S_atomic, false, false>::operator->()->geometry_msgs::msg::PoseStamped_<std::allocator<void> >::pose.geometry_msgs::msg::Pose_<std::allocator<void> >::position.geometry_msgs::msg::Point_<std::allocator<void> >::y[m[K’ from ‘[01m[Kgeometry_msgs::msg::Point_<std::allocator<void> >::_y_type[m[K’ {aka ‘[01m[Kdouble[m[K’} to ‘[01m[Kfloat[m[K’ [[01;35m[K-Wnarrowing[m[K]
[6.138s]   174 |         waypoint_pos = {[01;35m[Kmsg->pose.position.y[m[K, msg->pose.position.x, -0.6};
[6.138s]       |                         [01;35m[K~~~~~~~~~~~~~~~~~~~^[m[K
[6.138s] [01m[K/home/sundharvs/nist_slam_ws/src/waypoint_nav/src/main.cpp:174:66:[m[K [01;35m[Kwarning: [m[Knarrowing conversion of ‘[01m[K((const std::__shared_ptr_access<geometry_msgs::msg::PoseStamped_<std::allocator<void> >, __gnu_cxx::_S_atomic, false, false>*)(& msg))->std::__shared_ptr_access<geometry_msgs::msg::PoseStamped_<std::allocator<void> >, __gnu_cxx::_S_atomic, false, false>::operator->()->geometry_msgs::msg::PoseStamped_<std::allocator<void> >::pose.geometry_msgs::msg::Pose_<std::allocator<void> >::position.geometry_msgs::msg::Point_<std::allocator<void> >::x[m[K’ from ‘[01m[Kgeometry_msgs::msg::Point_<std::allocator<void> >::_x_type[m[K’ {aka ‘[01m[Kdouble[m[K’} to ‘[01m[Kfloat[m[K’ [[01;35m[K-Wnarrowing[m[K]
[6.138s]   174 |         waypoint_pos = {msg->pose.position.y, [01;35m[Kmsg->pose.position.x[m[K, -0.6};
[6.138s]       |                                               [01;35m[K~~~~~~~~~~~~~~~~~~~^[m[K
[6.138s] [01m[K/home/sundharvs/nist_slam_ws/src/waypoint_nav/src/main.cpp:[m[K In member function ‘[01m[Kvoid WaypointNav::lidar_pose_callback(nav_msgs::msg::Odometry_<std::allocator<void> >::SharedPtr)[m[K’:
[6.139s] [01m[K/home/sundharvs/nist_slam_ws/src/waypoint_nav/src/main.cpp:185:54:[m[K [01;35m[Kwarning: [m[Knarrowing conversion of ‘[01m[K((const std::__shared_ptr_access<nav_msgs::msg::Odometry_<std::allocator<void> >, __gnu_cxx::_S_atomic, false, false>*)(& msg))->std::__shared_ptr_access<nav_msgs::msg::Odometry_<std::allocator<void> >, __gnu_cxx::_S_atomic, false, false>::operator->()->nav_msgs::msg::Odometry_<std::allocator<void> >::pose.geometry_msgs::msg::PoseWithCovariance_<std::allocator<void> >::pose.geometry_msgs::msg::Pose_<std::allocator<void> >::position.geometry_msgs::msg::Point_<std::allocator<void> >::x[m[K’ from ‘[01m[Kgeometry_msgs::msg::Point_<std::allocator<void> >::_x_type[m[K’ {aka ‘[01m[Kdouble[m[K’} to ‘[01m[Kfloat[m[K’ [[01;35m[K-Wnarrowing[m[K]
[6.139s]   185 |         odom_msg.position = {[01;35m[Kmsg->pose.pose.position.x[m[K, -(msg->pose.pose.position.y), -(msg->pose.pose.position.z)};
[6.139s]       |                              [01;35m[K~~~~~~~~~~~~~~~~~~~~~~~~^[m[K
[6.139s] [01m[K/home/sundharvs/nist_slam_ws/src/waypoint_nav/src/main.cpp:185:57:[m[K [01;35m[Kwarning: [m[Knarrowing conversion of ‘[01m[K-((const std::__shared_ptr_access<nav_msgs::msg::Odometry_<std::allocator<void> >, __gnu_cxx::_S_atomic, false, false>*)(& msg))->std::__shared_ptr_access<nav_msgs::msg::Odometry_<std::allocator<void> >, __gnu_cxx::_S_atomic, false, false>::operator->()->nav_msgs::msg::Odometry_<std::allocator<void> >::pose.geometry_msgs::msg::PoseWithCovariance_<std::allocator<void> >::pose.geometry_msgs::msg::Pose_<std::allocator<void> >::position.geometry_msgs::msg::Point_<std::allocator<void> >::y[m[K’ from ‘[01m[Kgeometry_msgs::msg::Point_<std::allocator<void> >::_y_type[m[K’ {aka ‘[01m[Kdouble[m[K’} to ‘[01m[Kfloat[m[K’ [[01;35m[K-Wnarrowing[m[K]
[6.139s]   185 |         odom_msg.position = {msg->pose.pose.position.x, [01;35m[K-(msg->pose.pose.position.y)[m[K, -(msg->pose.pose.position.z)};
[6.139s]       |                                                         [01;35m[K^~~~~~~~~~~~~~~~~~~~~~~~~~~~[m[K
[6.139s] [01m[K/home/sundharvs/nist_slam_ws/src/waypoint_nav/src/main.cpp:185:87:[m[K [01;35m[Kwarning: [m[Knarrowing conversion of ‘[01m[K-((const std::__shared_ptr_access<nav_msgs::msg::Odometry_<std::allocator<void> >, __gnu_cxx::_S_atomic, false, false>*)(& msg))->std::__shared_ptr_access<nav_msgs::msg::Odometry_<std::allocator<void> >, __gnu_cxx::_S_atomic, false, false>::operator->()->nav_msgs::msg::Odometry_<std::allocator<void> >::pose.geometry_msgs::msg::PoseWithCovariance_<std::allocator<void> >::pose.geometry_msgs::msg::Pose_<std::allocator<void> >::position.geometry_msgs::msg::Point_<std::allocator<void> >::z[m[K’ from ‘[01m[Kgeometry_msgs::msg::Point_<std::allocator<void> >::_z_type[m[K’ {aka ‘[01m[Kdouble[m[K’} to ‘[01m[Kfloat[m[K’ [[01;35m[K-Wnarrowing[m[K]
[6.139s]   185 |         odom_msg.position = {msg->pose.pose.position.x, -(msg->pose.pose.position.y), [01;35m[K-(msg->pose.pose.position.z)[m[K};
[6.139s]       |                                                                                       [01;35m[K^~~~~~~~~~~~~~~~~~~~~~~~~~~~[m[K
[6.139s] [01m[K/home/sundharvs/nist_slam_ws/src/waypoint_nav/src/main.cpp:186:50:[m[K [01;35m[Kwarning: [m[Knarrowing conversion of ‘[01m[K((const std::__shared_ptr_access<nav_msgs::msg::Odometry_<std::allocator<void> >, __gnu_cxx::_S_atomic, false, false>*)(& msg))->std::__shared_ptr_access<nav_msgs::msg::Odometry_<std::allocator<void> >, __gnu_cxx::_S_atomic, false, false>::operator->()->nav_msgs::msg::Odometry_<std::allocator<void> >::pose.geometry_msgs::msg::PoseWithCovariance_<std::allocator<void> >::pose.geometry_msgs::msg::Pose_<std::allocator<void> >::orientation.geometry_msgs::msg::Quaternion_<std::allocator<void> >::w[m[K’ from ‘[01m[Kgeometry_msgs::msg::Quaternion_<std::allocator<void> >::_w_type[m[K’ {aka ‘[01m[Kdouble[m[K’} to ‘[01m[Kfloat[m[K’ [[01;35m[K-Wnarrowing[m[K]
[6.139s]   186 |         odom_msg.q = {[01;35m[Kmsg->pose.pose.orientation.w[m[K, msg->pose.pose.orientation.x, -(msg->pose.pose.orientation.w), -(msg->pose.pose.orientation.z)}
[6.139s]       |                       [01;35m[K~~~~~~~~~~~~~~~~~~~~~~~~~~~^[m[K
[6.139s] [01m[K/home/sundharvs/nist_slam_ws/src/waypoint_nav/src/main.cpp:186:80:[m[K [01;35m[Kwarning: [m[Knarrowing conversion of ‘[01m[K((const std::__shared_ptr_access<nav_msgs::msg::Odometry_<std::allocator<void> >, __gnu_cxx::_S_atomic, false, false>*)(& msg))->std::__shared_ptr_access<nav_msgs::msg::Odometry_<std::allocator<void> >, __gnu_cxx::_S_atomic, false, false>::operator->()->nav_msgs::msg::Odometry_<std::allocator<void> >::pose.geometry_msgs::msg::PoseWithCovariance_<std::allocator<void> >::pose.geometry_msgs::msg::Pose_<std::allocator<void> >::orientation.geometry_msgs::msg::Quaternion_<std::allocator<void> >::x[m[K’ from ‘[01m[Kgeometry_msgs::msg::Quaternion_<std::allocator<void> >::_x_type[m[K’ {aka ‘[01m[Kdouble[m[K’} to ‘[01m[Kfloat[m[K’ [[01;35m[K-Wnarrowing[m[K]
[6.139s]   186 |         odom_msg.q = {msg->pose.pose.orientation.w, [01;35m[Kmsg->pose.pose.orientation.x[m[K, -(msg->pose.pose.orientation.w), -(msg->pose.pose.orientation.z)}
[6.139s]       |                                                     [01;35m[K~~~~~~~~~~~~~~~~~~~~~~~~~~~^[m[K
[6.139s] [01m[K/home/sundharvs/nist_slam_ws/src/waypoint_nav/src/main.cpp:186:83:[m[K [01;35m[Kwarning: [m[Knarrowing conversion of ‘[01m[K-((const std::__shared_ptr_access<nav_msgs::msg::Odometry_<std::allocator<void> >, __gnu_cxx::_S_atomic, false, false>*)(& msg))->std::__shared_ptr_access<nav_msgs::msg::Odometry_<std::allocator<void> >, __gnu_cxx::_S_atomic, false, false>::operator->()->nav_msgs::msg::Odometry_<std::allocator<void> >::pose.geometry_msgs::msg::PoseWithCovariance_<std::allocator<void> >::pose.geometry_msgs::msg::Pose_<std::allocator<void> >::orientation.geometry_msgs::msg::Quaternion_<std::allocator<void> >::w[m[K’ from ‘[01m[Kgeometry_msgs::msg::Quaternion_<std::allocator<void> >::_w_type[m[K’ {aka ‘[01m[Kdouble[m[K’} to ‘[01m[Kfloat[m[K’ [[01;35m[K-Wnarrowing[m[K]
[6.139s]   186 |         odom_msg.q = {msg->pose.pose.orientation.w, msg->pose.pose.orientation.x, [01;35m[K-(msg->pose.pose.orientation.w)[m[K, -(msg->pose.pose.orientation.z)}
[6.139s]       |                                                                                   [01;35m[K^~~~~~~~~~~~~~~~~~~~~~~~~~~~~~~[m[K
[6.140s] [01m[K/home/sundharvs/nist_slam_ws/src/waypoint_nav/src/main.cpp:186:116:[m[K [01;35m[Kwarning: [m[Knarrowing conversion of ‘[01m[K-((const std::__shared_ptr_access<nav_msgs::msg::Odometry_<std::allocator<void> >, __gnu_cxx::_S_atomic, false, false>*)(& msg))->std::__shared_ptr_access<nav_msgs::msg::Odometry_<std::allocator<void> >, __gnu_cxx::_S_atomic, false, false>::operator->()->nav_msgs::msg::Odometry_<std::allocator<void> >::pose.geometry_msgs::msg::PoseWithCovariance_<std::allocator<void> >::pose.geometry_msgs::msg::Pose_<std::allocator<void> >::orientation.geometry_msgs::msg::Quaternion_<std::allocator<void> >::z[m[K’ from ‘[01m[Kgeometry_msgs::msg::Quaternion_<std::allocator<void> >::_z_type[m[K’ {aka ‘[01m[Kdouble[m[K’} to ‘[01m[Kfloat[m[K’ [[01;35m[K-Wnarrowing[m[K]
[6.140s]   186 |         odom_msg.q = {msg->pose.pose.orientation.w, msg->pose.pose.orientation.x, -(msg->pose.pose.orientation.w), [01;35m[K-(msg->pose.pose.orientation.z)[m[K}
[6.140s]       |                                                                                                                    [01;35m[K^~~~~~~~~~~~~~~~~~~~~~~~~~~~~~~[m[K
[6.140s] [01m[K/home/sundharvs/nist_slam_ws/src/waypoint_nav/src/main.cpp:186:148:[m[K [01;31m[Kerror: [m[Kexpected ‘[01m[K;[m[K’ before ‘[01m[Kodom_msg[m[K’
[6.140s]   186 |         odom_msg.q = {msg->pose.pose.orientation.w, msg->pose.pose.orientation.x, -(msg->pose.pose.orientation.w), -(msg->pose.pose.orientation.z)}
[6.140s]       |                                                                                                                                                    [01;31m[K^[m[K
[6.140s]       |                                                                                                                                                    [32m[K;[m[K
[6.140s]   187 | 
[6.140s]   188 |         [32m[Kodom_msg[m[K.velocity_frame = 2;
[6.140s]       |         [32m[K~~~~~~~~[m[K                                                                                                                                    
[6.140s] [01m[K/home/sundharvs/nist_slam_ws/src/waypoint_nav/src/main.cpp:189:54:[m[K [01;35m[Kwarning: [m[Knarrowing conversion of ‘[01m[K((const std::__shared_ptr_access<nav_msgs::msg::Odometry_<std::allocator<void> >, __gnu_cxx::_S_atomic, false, false>*)(& msg))->std::__shared_ptr_access<nav_msgs::msg::Odometry_<std::allocator<void> >, __gnu_cxx::_S_atomic, false, false>::operator->()->nav_msgs::msg::Odometry_<std::allocator<void> >::twist.geometry_msgs::msg::TwistWithCovariance_<std::allocator<void> >::twist.geometry_msgs::msg::Twist_<std::allocator<void> >::linear.geometry_msgs::msg::Vector3_<std::allocator<void> >::x[m[K’ from ‘[01m[Kgeometry_msgs::msg::Vector3_<std::allocator<void> >::_x_type[m[K’ {aka ‘[01m[Kdouble[m[K’} to ‘[01m[Kfloat[m[K’ [[01;35m[K-Wnarrowing[m[K]
[6.140s]   189 |         odom_msg.velocity = {[01;35m[Kmsg->twist.twist.linear.x[m[K, -(msg->twist.twist.linear.y), -(msg->twist.twist.linear.z)};
[6.140s]       |                              [01;35m[K~~~~~~~~~~~~~~~~~~~~~~~~^[m[K
[6.140s] [01m[K/home/sundharvs/nist_slam_ws/src/waypoint_nav/src/main.cpp:189:57:[m[K [01;35m[Kwarning: [m[Knarrowing conversion of ‘[01m[K-((const std::__shared_ptr_access<nav_msgs::msg::Odometry_<std::allocator<void> >, __gnu_cxx::_S_atomic, false, false>*)(& msg))->std::__shared_ptr_access<nav_msgs::msg::Odometry_<std::allocator<void> >, __gnu_cxx::_S_atomic, false, false>::operator->()->nav_msgs::msg::Odometry_<std::allocator<void> >::twist.geometry_msgs::msg::TwistWithCovariance_<std::allocator<void> >::twist.geometry_msgs::msg::Twist_<std::allocator<void> >::linear.geometry_msgs::msg::Vector3_<std::allocator<void> >::y[m[K’ from ‘[01m[Kgeometry_msgs::msg::Vector3_<std::allocator<void> >::_y_type[m[K’ {aka ‘[01m[Kdouble[m[K’} to ‘[01m[Kfloat[m[K’ [[01;35m[K-Wnarrowing[m[K]
[6.140s]   189 |         odom_msg.velocity = {msg->twist.twist.linear.x, [01;35m[K-(msg->twist.twist.linear.y)[m[K, -(msg->twist.twist.linear.z)};
[6.140s]       |                                                         [01;35m[K^~~~~~~~~~~~~~~~~~~~~~~~~~~~[m[K
[6.140s] [01m[K/home/sundharvs/nist_slam_ws/src/waypoint_nav/src/main.cpp:189:87:[m[K [01;35m[Kwarning: [m[Knarrowing conversion of ‘[01m[K-((const std::__shared_ptr_access<nav_msgs::msg::Odometry_<std::allocator<void> >, __gnu_cxx::_S_atomic, false, false>*)(& msg))->std::__shared_ptr_access<nav_msgs::msg::Odometry_<std::allocator<void> >, __gnu_cxx::_S_atomic, false, false>::operator->()->nav_msgs::msg::Odometry_<std::allocator<void> >::twist.geometry_msgs::msg::TwistWithCovariance_<std::allocator<void> >::twist.geometry_msgs::msg::Twist_<std::allocator<void> >::linear.geometry_msgs::msg::Vector3_<std::allocator<void> >::z[m[K’ from ‘[01m[Kgeometry_msgs::msg::Vector3_<std::allocator<void> >::_z_type[m[K’ {aka ‘[01m[Kdouble[m[K’} to ‘[01m[Kfloat[m[K’ [[01;35m[K-Wnarrowing[m[K]
[6.141s]   189 |         odom_msg.velocity = {msg->twist.twist.linear.x, -(msg->twist.twist.linear.y), [01;35m[K-(msg->twist.twist.linear.z)[m[K};
[6.141s]       |                                                                                       [01;35m[K^~~~~~~~~~~~~~~~~~~~~~~~~~~~[m[K
[6.141s] [01m[K/home/sundharvs/nist_slam_ws/src/waypoint_nav/src/main.cpp:190:63:[m[K [01;35m[Kwarning: [m[Knarrowing conversion of ‘[01m[K((const std::__shared_ptr_access<nav_msgs::msg::Odometry_<std::allocator<void> >, __gnu_cxx::_S_atomic, false, false>*)(& msg))->std::__shared_ptr_access<nav_msgs::msg::Odometry_<std::allocator<void> >, __gnu_cxx::_S_atomic, false, false>::operator->()->nav_msgs::msg::Odometry_<std::allocator<void> >::twist.geometry_msgs::msg::TwistWithCovariance_<std::allocator<void> >::twist.geometry_msgs::msg::Twist_<std::allocator<void> >::angular.geometry_msgs::msg::Vector3_<std::allocator<void> >::x[m[K’ from ‘[01m[Kgeometry_msgs::msg::Vector3_<std::allocator<void> >::_x_type[m[K’ {aka ‘[01m[Kdouble[m[K’} to ‘[01m[Kfloat[m[K’ [[01;35m[K-Wnarrowing[m[K]
[6.141s]   190 |         odom_msg.angular_velocity = {[01;35m[Kmsg->twist.twist.angular.x[m[K, -(msg->twist.twist.angular.y), -(msg->twist.twist.angular.z)}; // in body-fixed frame (rad/s)
[6.141s]       |                                      [01;35m[K~~~~~~~~~~~~~~~~~~~~~~~~~^[m[K
[6.141s] [01m[K/home/sundharvs/nist_slam_ws/src/waypoint_nav/src/main.cpp:190:66:[m[K [01;35m[Kwarning: [m[Knarrowing conversion of ‘[01m[K-((const std::__shared_ptr_access<nav_msgs::msg::Odometry_<std::allocator<void> >, __gnu_cxx::_S_atomic, false, false>*)(& msg))->std::__shared_ptr_access<nav_msgs::msg::Odometry_<std::allocator<void> >, __gnu_cxx::_S_atomic, false, false>::operator->()->nav_msgs::msg::Odometry_<std::allocator<void> >::twist.geometry_msgs::msg::TwistWithCovariance_<std::allocator<void> >::twist.geometry_msgs::msg::Twist_<std::allocator<void> >::angular.geometry_msgs::msg::Vector3_<std::allocator<void> >::y[m[K’ from ‘[01m[Kgeometry_msgs::msg::Vector3_<std::allocator<void> >::_y_type[m[K’ {aka ‘[01m[Kdouble[m[K’} to ‘[01m[Kfloat[m[K’ [[01;35m[K-Wnarrowing[m[K]
[6.141s]   190 |         odom_msg.angular_velocity = {msg->twist.twist.angular.x, [01;35m[K-(msg->twist.twist.angular.y)[m[K, -(msg->twist.twist.angular.z)}; // in body-fixed frame (rad/s)
[6.141s]       |                                                                  [01;35m[K^~~~~~~~~~~~~~~~~~~~~~~~~~~~~[m[K
[6.141s] [01m[K/home/sundharvs/nist_slam_ws/src/waypoint_nav/src/main.cpp:190:97:[m[K [01;35m[Kwarning: [m[Knarrowing conversion of ‘[01m[K-((const std::__shared_ptr_access<nav_msgs::msg::Odometry_<std::allocator<void> >, __gnu_cxx::_S_atomic, false, false>*)(& msg))->std::__shared_ptr_access<nav_msgs::msg::Odometry_<std::allocator<void> >, __gnu_cxx::_S_atomic, false, false>::operator->()->nav_msgs::msg::Odometry_<std::allocator<void> >::twist.geometry_msgs::msg::TwistWithCovariance_<std::allocator<void> >::twist.geometry_msgs::msg::Twist_<std::allocator<void> >::angular.geometry_msgs::msg::Vector3_<std::allocator<void> >::z[m[K’ from ‘[01m[Kgeometry_msgs::msg::Vector3_<std::allocator<void> >::_z_type[m[K’ {aka ‘[01m[Kdouble[m[K’} to ‘[01m[Kfloat[m[K’ [[01;35m[K-Wnarrowing[m[K]
[6.141s]   190 |         odom_msg.angular_velocity = {msg->twist.twist.angular.x, -(msg->twist.twist.angular.y), [01;35m[K-(msg->twist.twist.angular.z)[m[K}; // in body-fixed frame (rad/s)
[6.142s]       |                                                                                                 [01;35m[K^~~~~~~~~~~~~~~~~~~~~~~~~~~~~[m[K
[6.142s] [01m[K/home/sundharvs/nist_slam_ws/src/waypoint_nav/src/main.cpp:[m[K At global scope:
[6.142s] [01m[K/home/sundharvs/nist_slam_ws/src/waypoint_nav/src/main.cpp:203:43:[m[K [01;31m[Kerror: [m[K‘[01m[KTimesyncStatus[m[K’ does not name a type
[6.142s]   203 | void WaypointNav::timesync_callback(const [01;31m[KTimesyncStatus[m[K msg)
[6.142s]       |                                           [01;31m[K^~~~~~~~~~~~~~[m[K
[6.142s] [01m[K/home/sundharvs/nist_slam_ws/src/waypoint_nav/src/main.cpp:203:6:[m[K [01;31m[Kerror: [m[Kno declaration matches ‘[01m[Kvoid WaypointNav::timesync_callback(int)[m[K’
[6.142s]   203 | void [01;31m[KWaypointNav[m[K::timesync_callback(const TimesyncStatus msg)
[6.142s]       |      [01;31m[K^~~~~~~~~~~[m[K
[6.142s] [01m[K/home/sundharvs/nist_slam_ws/src/waypoint_nav/src/main.cpp:203:6:[m[K [01;36m[Knote: [m[Kno functions named ‘[01m[Kvoid WaypointNav::timesync_callback(int)[m[K’
[6.142s] [01m[K/home/sundharvs/nist_slam_ws/src/waypoint_nav/src/main.cpp:33:7:[m[K [01;36m[Knote: [m[K‘[01m[Kclass WaypointNav[m[K’ defined here
[6.143s]    33 | class [01;36m[KWaypointNav[m[K : public rclcpp::Node
[6.143s]       |       [01;36m[K^~~~~~~~~~~[m[K
[6.143s] gmake[2]: *** [CMakeFiles/nav.dir/build.make:76: CMakeFiles/nav.dir/src/main.cpp.o] Error 1
[6.143s] gmake[1]: *** [CMakeFiles/Makefile2:137: CMakeFiles/nav.dir/all] Error 2
[6.143s] gmake: *** [Makefile:146: all] Error 2
[6.143s] Invoked command in '/home/sundharvs/nist_slam_ws/src/waypoint_nav/build/waypoint_nav' returned '2': CMAKE_PREFIX_PATH=${CMAKE_PREFIX_PATH}:/opt/ros/humble /usr/bin/cmake --build /home/sundharvs/nist_slam_ws/src/waypoint_nav/build/waypoint_nav -- -j8 -l8
