[0.057s] Invoking command in '/home/sundharvs/nist_slam_ws/src/waypoint_nav/build/waypoint_nav': CMAKE_PREFIX_PATH=/opt/ros/humble /usr/bin/cmake --build /home/sundharvs/nist_slam_ws/src/waypoint_nav/build/waypoint_nav -- -j8 -l8
[0.076s] -- Found ament_cmake: 1.3.6 (/opt/ros/humble/share/ament_cmake/cmake)
[0.190s] -- Found rclcpp: 16.0.7 (/opt/ros/humble/share/rclcpp/cmake)
[0.214s] -- Found rosidl_generator_c: 3.1.5 (/opt/ros/humble/share/rosidl_generator_c/cmake)
[0.216s] -- Found rosidl_adapter: 3.1.5 (/opt/ros/humble/share/rosidl_adapter/cmake)
[0.221s] -- Found rosidl_generator_cpp: 3.1.5 (/opt/ros/humble/share/rosidl_generator_cpp/cmake)
[0.230s] -- Using all available rosidl_typesupport_c: rosidl_typesupport_fastrtps_c;rosidl_typesupport_introspection_c
[0.243s] -- Using all available rosidl_typesupport_cpp: rosidl_typesupport_fastrtps_cpp;rosidl_typesupport_introspection_cpp
[0.294s] -- Found rmw_implementation_cmake: 6.1.1 (/opt/ros/humble/share/rmw_implementation_cmake/cmake)
[0.295s] -- Found rmw_fastrtps_cpp: 6.2.5 (/opt/ros/humble/share/rmw_fastrtps_cpp/cmake)
[0.402s] -- Using RMW implementation 'rmw_fastrtps_cpp' as default
[0.522s] -- Found px4_msgs: 2.0.1 (/home/sundharvs/nist_slam_ws/install/px4_msgs/share/px4_msgs/cmake)
[0.548s] -- Found geometry_msgs: 4.2.3 (/opt/ros/humble/share/geometry_msgs/cmake)
[0.580s] -- Found tf2_ros: 0.25.5 (/opt/ros/humble/share/tf2_ros/cmake)
[0.838s] -- Found nav_msgs: 4.2.3 (/opt/ros/humble/share/nav_msgs/cmake)
[0.904s] -- Found ament_lint_auto: 0.12.9 (/opt/ros/humble/share/ament_lint_auto/cmake)
[0.974s] -- Added test 'cppcheck' to perform static code analysis on C / C++ code
[0.974s] -- Configured cppcheck include dirs: 
[0.974s] -- Configured cppcheck exclude dirs and/or files: 
[0.980s] -- Added test 'lint_cmake' to check CMake code style
[0.998s] -- Added test 'uncrustify' to check C / C++ code style
[0.998s] -- Configured uncrustify additional arguments: 
[1.000s] -- Added test 'xmllint' to check XML markup files
[1.001s] -- Configuring done
[1.010s] -- Generating done
[1.011s] -- Build files have been written to: /home/sundharvs/nist_slam_ws/src/waypoint_nav/build/waypoint_nav
[1.034s] [35m[1mConsolidate compiler generated dependencies of target nav[0m
[1.051s] [ 50%] [32mBuilding CXX object CMakeFiles/nav.dir/src/main.cpp.o[0m
[8.432s] In file included from [01m[K/usr/include/eigen3/Eigen/Core:164[m[K,
[8.432s]                  from [01m[K/usr/include/eigen3/Eigen/Dense:1[m[K,
[8.432s]                  from [01m[K/home/sundharvs/nist_slam_ws/src/waypoint_nav/src/main.cpp:24[m[K:
[8.432s] /usr/include/eigen3/Eigen/src/Core/AssignEvaluator.h: In instantiation of ‘[01m[Kvoid Eigen::internal::call_assignment_no_alias(Dst&, const Src&, const Func&) [with Dst = Eigen::Matrix<float, 4, 1>; Src = Eigen::Matrix<double, 4, 1>; Func = Eigen::internal::assign_op<float, double>][m[K’:
[8.432s] [01m[K/usr/include/eigen3/Eigen/src/Core/AssignEvaluator.h:858:27:[m[K   required from ‘[01m[Kvoid Eigen::internal::call_assignment(Dst&, const Src&, const Func&, typename Eigen::internal::enable_if<(! Eigen::internal::evaluator_assume_aliasing<Src>::value), void*>::type) [with Dst = Eigen::Matrix<float, 4, 1>; Src = Eigen::Matrix<double, 4, 1>; Func = Eigen::internal::assign_op<float, double>; typename Eigen::internal::enable_if<(! Eigen::internal::evaluator_assume_aliasing<Src>::value), void*>::type = void*; typename Eigen::internal::evaluator_traits<SrcXprType>::Shape = Eigen::DenseShape][m[K’
[8.432s] [01m[K/usr/include/eigen3/Eigen/src/Core/AssignEvaluator.h:836:18:[m[K   required from ‘[01m[Kvoid Eigen::internal::call_assignment(Dst&, const Src&) [with Dst = Eigen::Matrix<float, 4, 1>; Src = Eigen::Matrix<double, 4, 1>][m[K’
[8.432s] [01m[K/usr/include/eigen3/Eigen/src/Core/PlainObjectBase.h:779:32:[m[K   required from ‘[01m[KDerived& Eigen::PlainObjectBase<Derived>::_set(const Eigen::DenseBase<OtherDerived>&) [with OtherDerived = Eigen::Matrix<double, 4, 1>; Derived = Eigen::Matrix<float, 4, 1>][m[K’
[8.432s] [01m[K/usr/include/eigen3/Eigen/src/Core/Matrix.h:225:24:[m[K   required from ‘[01m[KEigen::Matrix<_Scalar, _Rows, _Cols, _Options, _MaxRows, _MaxCols>& Eigen::Matrix<_Scalar, _Rows, _Cols, _Options, _MaxRows, _MaxCols>::operator=(const Eigen::DenseBase<OtherDerived>&) [with OtherDerived = Eigen::Matrix<double, 4, 1>; _Scalar = float; int _Rows = 4; int _Cols = 1; int _Options = 0; int _MaxRows = 4; int _MaxCols = 1][m[K’
[8.432s] [01m[K/usr/include/eigen3/Eigen/src/Geometry/Quaternion.h:554:12:[m[K   required from ‘[01m[KDerived& Eigen::QuaternionBase<Derived>::operator=(const Eigen::QuaternionBase<OtherDerived>&) [with OtherDerived = Eigen::Quaternion<double>; Derived = Eigen::Quaternion<float>][m[K’
[8.432s] [01m[K/home/sundharvs/nist_slam_ws/src/waypoint_nav/src/main.cpp:195:70:[m[K   required from here
[8.432s] [01m[K/usr/include/eigen3/Eigen/src/Core/AssignEvaluator.h:888:3:[m[K [01;31m[Kerror: [m[Kstatic assertion failed: YOU_MIXED_DIFFERENT_NUMERIC_TYPES__YOU_NEED_TO_USE_THE_CAST_METHOD_OF_MATRIXBASE_TO_CAST_NUMERIC_TYPES_EXPLICITLY
[8.432s]   888 |   [01;31m[KEIGEN_CHECK_BINARY_COMPATIBILIY[m[K(Func,typename ActualDstTypeCleaned::Scalar,typename Src::Scalar);
[8.432s]       |   [01;31m[K^~~~~~~~~~~~~~~~~~~~~~~~~~~~~~~[m[K
[8.432s] [01m[K/usr/include/eigen3/Eigen/src/Core/AssignEvaluator.h:888:3:[m[K [01;36m[Knote: [m[K‘[01m[KEigen::internal::has_ReturnType<Eigen::ScalarBinaryOpTraits<float, double, Eigen::internal::assign_op<float, double> > >::value[m[K’ evaluates to false
[8.432s] /usr/include/eigen3/Eigen/src/Core/AssignEvaluator.h: In instantiation of ‘[01m[Kvoid Eigen::internal::call_assignment_no_alias(Dst&, const Src&, const Func&) [with Dst = Eigen::Matrix<double, 4, 1>; Src = Eigen::Matrix<float, 4, 1>; Func = Eigen::internal::assign_op<double, float>][m[K’:
[8.432s] [01m[K/usr/include/eigen3/Eigen/src/Core/AssignEvaluator.h:858:27:[m[K   required from ‘[01m[Kvoid Eigen::internal::call_assignment(Dst&, const Src&, const Func&, typename Eigen::internal::enable_if<(! Eigen::internal::evaluator_assume_aliasing<Src>::value), void*>::type) [with Dst = Eigen::Matrix<double, 4, 1>; Src = Eigen::Matrix<float, 4, 1>; Func = Eigen::internal::assign_op<double, float>; typename Eigen::internal::enable_if<(! Eigen::internal::evaluator_assume_aliasing<Src>::value), void*>::type = void*; typename Eigen::internal::evaluator_traits<SrcXprType>::Shape = Eigen::DenseShape][m[K’
[8.432s] [01m[K/usr/include/eigen3/Eigen/src/Core/AssignEvaluator.h:836:18:[m[K   required from ‘[01m[Kvoid Eigen::internal::call_assignment(Dst&, const Src&) [with Dst = Eigen::Matrix<double, 4, 1>; Src = Eigen::Matrix<float, 4, 1>][m[K’
[8.433s] [01m[K/usr/include/eigen3/Eigen/src/Core/PlainObjectBase.h:779:32:[m[K   required from ‘[01m[KDerived& Eigen::PlainObjectBase<Derived>::_set(const Eigen::DenseBase<OtherDerived>&) [with OtherDerived = Eigen::Matrix<float, 4, 1>; Derived = Eigen::Matrix<double, 4, 1>][m[K’
[8.433s] [01m[K/usr/include/eigen3/Eigen/src/Core/Matrix.h:225:24:[m[K   required from ‘[01m[KEigen::Matrix<_Scalar, _Rows, _Cols, _Options, _MaxRows, _MaxCols>& Eigen::Matrix<_Scalar, _Rows, _Cols, _Options, _MaxRows, _MaxCols>::operator=(const Eigen::DenseBase<OtherDerived>&) [with OtherDerived = Eigen::Matrix<float, 4, 1>; _Scalar = double; int _Rows = 4; int _Cols = 1; int _Options = 0; int _MaxRows = 4; int _MaxCols = 1][m[K’
[8.433s] [01m[K/usr/include/eigen3/Eigen/src/Geometry/Quaternion.h:554:12:[m[K   required from ‘[01m[KDerived& Eigen::QuaternionBase<Derived>::operator=(const Eigen::QuaternionBase<OtherDerived>&) [with OtherDerived = Eigen::Quaternion<float>; Derived = Eigen::Quaternion<double>][m[K’
[8.433s] [01m[K/usr/include/eigen3/Eigen/src/Geometry/Quaternion.h:303:137:[m[K   required from ‘[01m[KEigen::Quaternion<Scalar, Options>::Quaternion(const Eigen::QuaternionBase<OtherDerived>&) [with Derived = Eigen::Quaternion<float>; _Scalar = double; int _Options = 0][m[K’
[8.433s] [01m[K/home/sundharvs/nist_slam_ws/src/waypoint_nav/src/main.cpp:195:70:[m[K   required from here
[8.433s] [01m[K/usr/include/eigen3/Eigen/src/Core/AssignEvaluator.h:888:3:[m[K [01;31m[Kerror: [m[Kstatic assertion failed: YOU_MIXED_DIFFERENT_NUMERIC_TYPES__YOU_NEED_TO_USE_THE_CAST_METHOD_OF_MATRIXBASE_TO_CAST_NUMERIC_TYPES_EXPLICITLY
[8.433s] [01m[K/usr/include/eigen3/Eigen/src/Core/AssignEvaluator.h:888:3:[m[K [01;36m[Knote: [m[K‘[01m[KEigen::internal::has_ReturnType<Eigen::ScalarBinaryOpTraits<double, float, Eigen::internal::assign_op<double, float> > >::value[m[K’ evaluates to false
[8.433s] gmake[2]: *** [CMakeFiles/nav.dir/build.make:76: CMakeFiles/nav.dir/src/main.cpp.o] Error 1
[8.433s] gmake[1]: *** [CMakeFiles/Makefile2:137: CMakeFiles/nav.dir/all] Error 2
[8.433s] gmake: *** [Makefile:146: all] Error 2
[8.436s] Invoked command in '/home/sundharvs/nist_slam_ws/src/waypoint_nav/build/waypoint_nav' returned '2': CMAKE_PREFIX_PATH=/opt/ros/humble /usr/bin/cmake --build /home/sundharvs/nist_slam_ws/src/waypoint_nav/build/waypoint_nav -- -j8 -l8
