[35m[1mConsolidate compiler generated dependencies of target nav[0m
[ 50%] [32mBuilding CXX object CMakeFiles/nav.dir/src/main.cpp.o[0m
[01m[K/home/sundharvs/nist_slam_ws/src/waypoint_nav/src/main.cpp:101:75:[m[K [01;31m[Kerror: [m[Kexpected ‘[01m[K;[m[K’ at end of member declaration
  101 |                 void timesync_callback(const TimesyncStatus::SharedPtr msg[01;31m[K)[m[K
      |                                                                           [01;31m[K^[m[K
      |                                                                            [32m[K;[m[K
In file included from [01m[K/usr/include/c++/11/pstl/glue_algorithm_defs.h:13[m[K,
                 from [01m[K/usr/include/c++/11/algorithm:74[m[K,
                 from [01m[K/opt/ros/humble/include/rclcpp/rclcpp/executor.hpp:18[m[K,
                 from [01m[K/opt/ros/humble/include/rclcpp/rclcpp/executors/multi_threaded_executor.hpp:25[m[K,
                 from [01m[K/opt/ros/humble/include/rclcpp/rclcpp/executors.hpp:21[m[K,
                 from [01m[K/opt/ros/humble/include/rclcpp/rclcpp/rclcpp.hpp:155[m[K,
                 from [01m[K/home/sundharvs/nist_slam_ws/src/waypoint_nav/src/main.cpp:1[m[K:
/usr/include/c++/11/functional: In instantiation of ‘[01m[Kstruct std::_Bind_check_arity<void (WaypointNav::*)(std::shared_ptr<px4_msgs::msg::TimesyncStatus_<std::allocator<void> > >)>[m[K’:
[01m[K/usr/include/c++/11/functional:768:12:[m[K   required from ‘[01m[Kstruct std::_Bind_helper<false, void (WaypointNav::*)(std::shared_ptr<px4_msgs::msg::TimesyncStatus_<std::allocator<void> > >)>[m[K’
[01m[K/usr/include/c++/11/functional:789:5:[m[K   required by substitution of ‘[01m[Ktemplate<class _Func, class ... _BoundArgs> typename std::_Bind_helper<std::__is_socketlike<_Func>::value, _Func, _BoundArgs ...>::type std::bind(_Func&&, _BoundArgs&& ...) [with _Func = void (WaypointNav::*)(std::shared_ptr<px4_msgs::msg::TimesyncStatus_<std::allocator<void> > >); _BoundArgs = {}][m[K’
[01m[K/home/sundharvs/nist_slam_ws/src/waypoint_nav/src/main.cpp:49:112:[m[K   required from here
[01m[K/usr/include/c++/11/functional:756:21:[m[K [01;31m[Kerror: [m[Kstatic assertion failed: Wrong number of arguments for pointer-to-member
  755 |       static_assert(_Varargs::[01;31m[Kvalue[m[K
      |                               [01;31m[K~~~~~[m[K
  756 | [01;31m[K                    ? sizeof...(_BoundArgs) >= _Arity::value + 1[m[K
      |                     [01;31m[K^~~~~~~~~~~~~~~~~~~~~~~~~~~~~~~~~~~~~~~~~~~~[m[K
  757 | [01;31m[K                    : sizeof...(_BoundArgs) == _Arity::value + 1[m[K,
      |                     [01;31m[K~~~~~~~~~~~~~~~~~~~~~~~~~~~~~~~~~~~~~~~~~~~~[m[K
[01m[K/usr/include/c++/11/functional:756:21:[m[K [01;36m[Knote: [m[K‘[01m[K(false ? (0 >= (((long unsigned int)std::integral_constant<long unsigned int, 1>::value) + 1)) : (0 == (((long unsigned int)std::integral_constant<long unsigned int, 1>::value) + 1)))[m[K’ evaluates to false
/usr/include/c++/11/functional: In substitution of ‘[01m[Ktemplate<class _Functor, class ... _Bound_args> template<class _Fn, class _CallArgs, class ... _BArgs> using _Res_type_impl = typename std::result_of<_Fn&(decltype (std::_Mu<typename std::remove_cv<_BArgs>::type, std::is_bind_expression<typename std::remove_cv<_BArgs>::type>::value, (std::is_placeholder<typename std::remove_cv<_BArgs>::type>::value > 0)>()(declval<_BArgs&>(), declval<_CallArgs&>()))&& ...)>::type [with _Fn = void (WaypointNav::*)(std::shared_ptr<px4_msgs::msg::TimesyncStatus_<std::allocator<void> > >); _CallArgs = _CallArgs; _BArgs = {}; _Functor = void (WaypointNav::*)(std::shared_ptr<px4_msgs::msg::TimesyncStatus_<std::allocator<void> > >); _Bound_args = {}][m[K’:
[01m[K/usr/include/c++/11/functional:468:8:[m[K   required from ‘[01m[Kclass std::_Bind<void (WaypointNav::*())(std::shared_ptr<px4_msgs::msg::TimesyncStatus_<std::allocator<void> > >)>[m[K’
[01m[K/home/sundharvs/nist_slam_ws/src/waypoint_nav/src/main.cpp:49:112:[m[K   required from here
[01m[K/usr/include/c++/11/functional:464:15:[m[K [01;31m[Kerror: [m[Kno type named ‘[01m[Ktype[m[K’ in ‘[01m[Kstruct std::result_of<void (WaypointNav::*&())(std::shared_ptr<px4_msgs::msg::TimesyncStatus_<std::allocator<void> > >)>[m[K’
  464 |         using [01;31m[K_Res_type_impl[m[K
      |               [01;31m[K^~~~~~~~~~~~~~[m[K
/usr/include/c++/11/functional: In substitution of ‘[01m[Ktemplate<class _Functor, class ... _Bound_args> template<class _Fn, class _CallArgs, class ... _BArgs> using _Res_type_impl = typename std::result_of<_Fn&(decltype (std::_Mu<typename std::remove_cv<_BArgs>::type, std::is_bind_expression<typename std::remove_cv<_BArgs>::type>::value, (std::is_placeholder<typename std::remove_cv<_BArgs>::type>::value > 0)>()(declval<_BArgs&>(), declval<_CallArgs&>()))&& ...)>::type [with _Fn = void (WaypointNav::*)(std::shared_ptr<px4_msgs::msg::TimesyncStatus_<std::allocator<void> > >); _CallArgs = std::tuple<_Tps ...>; _BArgs = {}; _Functor = void (WaypointNav::*)(std::shared_ptr<px4_msgs::msg::TimesyncStatus_<std::allocator<void> > >); _Bound_args = {}][m[K’:
[01m[K/usr/include/c++/11/functional:468:8:[m[K   required by substitution of ‘[01m[Ktemplate<class _Functor, class ... _Bound_args> template<class _CallArgs> using _Res_type = std::_Bind<_Functor(_Bound_args ...)>::_Res_type_impl<_Functor, _CallArgs, _Bound_args ...> [with _CallArgs = std::tuple<_Tps ...>; _Functor = void (WaypointNav::*)(std::shared_ptr<px4_msgs::msg::TimesyncStatus_<std::allocator<void> > >); _Bound_args = {}][m[K’
[01m[K/usr/include/c++/11/functional:501:2:[m[K   required from ‘[01m[Kclass std::_Bind<void (WaypointNav::*())(std::shared_ptr<px4_msgs::msg::TimesyncStatus_<std::allocator<void> > >)>[m[K’
[01m[K/home/sundharvs/nist_slam_ws/src/waypoint_nav/src/main.cpp:49:112:[m[K   required from here
[01m[K/usr/include/c++/11/functional:464:15:[m[K [01;31m[Kerror: [m[Kno type named ‘[01m[Ktype[m[K’ in ‘[01m[Kstruct std::result_of<void (WaypointNav::*&())(std::shared_ptr<px4_msgs::msg::TimesyncStatus_<std::allocator<void> > >)>[m[K’
[01m[K/home/sundharvs/nist_slam_ws/src/waypoint_nav/src/main.cpp:[m[K In member function ‘[01m[Kvoid WaypointNav::goal_callback(geometry_msgs::msg::PoseStamped_<std::allocator<void> >::SharedPtr)[m[K’:
[01m[K/home/sundharvs/nist_slam_ws/src/waypoint_nav/src/main.cpp:177:44:[m[K [01;35m[Kwarning: [m[Knarrowing conversion of ‘[01m[K((const std::__shared_ptr_access<geometry_msgs::msg::PoseStamped_<std::allocator<void> >, __gnu_cxx::_S_atomic, false, false>*)(& msg))->std::__shared_ptr_access<geometry_msgs::msg::PoseStamped_<std::allocator<void> >, __gnu_cxx::_S_atomic, false, false>::operator->()->geometry_msgs::msg::PoseStamped_<std::allocator<void> >::pose.geometry_msgs::msg::Pose_<std::allocator<void> >::position.geometry_msgs::msg::Point_<std::allocator<void> >::y[m[K’ from ‘[01m[Kgeometry_msgs::msg::Point_<std::allocator<void> >::_y_type[m[K’ {aka ‘[01m[Kdouble[m[K’} to ‘[01m[Kfloat[m[K’ [[01;35m[K-Wnarrowing[m[K]
  177 |         waypoint_pos = {[01;35m[Kmsg->pose.position.y[m[K, msg->pose.position.x, -0.6};
      |                         [01;35m[K~~~~~~~~~~~~~~~~~~~^[m[K
[01m[K/home/sundharvs/nist_slam_ws/src/waypoint_nav/src/main.cpp:177:66:[m[K [01;35m[Kwarning: [m[Knarrowing conversion of ‘[01m[K((const std::__shared_ptr_access<geometry_msgs::msg::PoseStamped_<std::allocator<void> >, __gnu_cxx::_S_atomic, false, false>*)(& msg))->std::__shared_ptr_access<geometry_msgs::msg::PoseStamped_<std::allocator<void> >, __gnu_cxx::_S_atomic, false, false>::operator->()->geometry_msgs::msg::PoseStamped_<std::allocator<void> >::pose.geometry_msgs::msg::Pose_<std::allocator<void> >::position.geometry_msgs::msg::Point_<std::allocator<void> >::x[m[K’ from ‘[01m[Kgeometry_msgs::msg::Point_<std::allocator<void> >::_x_type[m[K’ {aka ‘[01m[Kdouble[m[K’} to ‘[01m[Kfloat[m[K’ [[01;35m[K-Wnarrowing[m[K]
  177 |         waypoint_pos = {msg->pose.position.y, [01;35m[Kmsg->pose.position.x[m[K, -0.6};
      |                                               [01;35m[K~~~~~~~~~~~~~~~~~~~^[m[K
[01m[K/home/sundharvs/nist_slam_ws/src/waypoint_nav/src/main.cpp:[m[K In member function ‘[01m[Kvoid WaypointNav::lidar_pose_callback(nav_msgs::msg::Odometry_<std::allocator<void> >::SharedPtr)[m[K’:
[01m[K/home/sundharvs/nist_slam_ws/src/waypoint_nav/src/main.cpp:188:54:[m[K [01;35m[Kwarning: [m[Knarrowing conversion of ‘[01m[K((const std::__shared_ptr_access<nav_msgs::msg::Odometry_<std::allocator<void> >, __gnu_cxx::_S_atomic, false, false>*)(& msg))->std::__shared_ptr_access<nav_msgs::msg::Odometry_<std::allocator<void> >, __gnu_cxx::_S_atomic, false, false>::operator->()->nav_msgs::msg::Odometry_<std::allocator<void> >::pose.geometry_msgs::msg::PoseWithCovariance_<std::allocator<void> >::pose.geometry_msgs::msg::Pose_<std::allocator<void> >::position.geometry_msgs::msg::Point_<std::allocator<void> >::x[m[K’ from ‘[01m[Kgeometry_msgs::msg::Point_<std::allocator<void> >::_x_type[m[K’ {aka ‘[01m[Kdouble[m[K’} to ‘[01m[Kfloat[m[K’ [[01;35m[K-Wnarrowing[m[K]
  188 |         odom_msg.position = {[01;35m[Kmsg->pose.pose.position.x[m[K, -(msg->pose.pose.position.y), -(msg->pose.pose.position.z)};
      |                              [01;35m[K~~~~~~~~~~~~~~~~~~~~~~~~^[m[K
[01m[K/home/sundharvs/nist_slam_ws/src/waypoint_nav/src/main.cpp:188:57:[m[K [01;35m[Kwarning: [m[Knarrowing conversion of ‘[01m[K-((const std::__shared_ptr_access<nav_msgs::msg::Odometry_<std::allocator<void> >, __gnu_cxx::_S_atomic, false, false>*)(& msg))->std::__shared_ptr_access<nav_msgs::msg::Odometry_<std::allocator<void> >, __gnu_cxx::_S_atomic, false, false>::operator->()->nav_msgs::msg::Odometry_<std::allocator<void> >::pose.geometry_msgs::msg::PoseWithCovariance_<std::allocator<void> >::pose.geometry_msgs::msg::Pose_<std::allocator<void> >::position.geometry_msgs::msg::Point_<std::allocator<void> >::y[m[K’ from ‘[01m[Kgeometry_msgs::msg::Point_<std::allocator<void> >::_y_type[m[K’ {aka ‘[01m[Kdouble[m[K’} to ‘[01m[Kfloat[m[K’ [[01;35m[K-Wnarrowing[m[K]
  188 |         odom_msg.position = {msg->pose.pose.position.x, [01;35m[K-(msg->pose.pose.position.y)[m[K, -(msg->pose.pose.position.z)};
      |                                                         [01;35m[K^~~~~~~~~~~~~~~~~~~~~~~~~~~~[m[K
[01m[K/home/sundharvs/nist_slam_ws/src/waypoint_nav/src/main.cpp:188:87:[m[K [01;35m[Kwarning: [m[Knarrowing conversion of ‘[01m[K-((const std::__shared_ptr_access<nav_msgs::msg::Odometry_<std::allocator<void> >, __gnu_cxx::_S_atomic, false, false>*)(& msg))->std::__shared_ptr_access<nav_msgs::msg::Odometry_<std::allocator<void> >, __gnu_cxx::_S_atomic, false, false>::operator->()->nav_msgs::msg::Odometry_<std::allocator<void> >::pose.geometry_msgs::msg::PoseWithCovariance_<std::allocator<void> >::pose.geometry_msgs::msg::Pose_<std::allocator<void> >::position.geometry_msgs::msg::Point_<std::allocator<void> >::z[m[K’ from ‘[01m[Kgeometry_msgs::msg::Point_<std::allocator<void> >::_z_type[m[K’ {aka ‘[01m[Kdouble[m[K’} to ‘[01m[Kfloat[m[K’ [[01;35m[K-Wnarrowing[m[K]
  188 |         odom_msg.position = {msg->pose.pose.position.x, -(msg->pose.pose.position.y), [01;35m[K-(msg->pose.pose.position.z)[m[K};
      |                                                                                       [01;35m[K^~~~~~~~~~~~~~~~~~~~~~~~~~~~[m[K
[01m[K/home/sundharvs/nist_slam_ws/src/waypoint_nav/src/main.cpp:189:50:[m[K [01;35m[Kwarning: [m[Knarrowing conversion of ‘[01m[K((const std::__shared_ptr_access<nav_msgs::msg::Odometry_<std::allocator<void> >, __gnu_cxx::_S_atomic, false, false>*)(& msg))->std::__shared_ptr_access<nav_msgs::msg::Odometry_<std::allocator<void> >, __gnu_cxx::_S_atomic, false, false>::operator->()->nav_msgs::msg::Odometry_<std::allocator<void> >::pose.geometry_msgs::msg::PoseWithCovariance_<std::allocator<void> >::pose.geometry_msgs::msg::Pose_<std::allocator<void> >::orientation.geometry_msgs::msg::Quaternion_<std::allocator<void> >::w[m[K’ from ‘[01m[Kgeometry_msgs::msg::Quaternion_<std::allocator<void> >::_w_type[m[K’ {aka ‘[01m[Kdouble[m[K’} to ‘[01m[Kfloat[m[K’ [[01;35m[K-Wnarrowing[m[K]
  189 |         odom_msg.q = {[01;35m[Kmsg->pose.pose.orientation.w[m[K, msg->pose.pose.orientation.x, -(msg->pose.pose.orientation.y), -(msg->pose.pose.orientation.z)};
      |                       [01;35m[K~~~~~~~~~~~~~~~~~~~~~~~~~~~^[m[K
[01m[K/home/sundharvs/nist_slam_ws/src/waypoint_nav/src/main.cpp:189:80:[m[K [01;35m[Kwarning: [m[Knarrowing conversion of ‘[01m[K((const std::__shared_ptr_access<nav_msgs::msg::Odometry_<std::allocator<void> >, __gnu_cxx::_S_atomic, false, false>*)(& msg))->std::__shared_ptr_access<nav_msgs::msg::Odometry_<std::allocator<void> >, __gnu_cxx::_S_atomic, false, false>::operator->()->nav_msgs::msg::Odometry_<std::allocator<void> >::pose.geometry_msgs::msg::PoseWithCovariance_<std::allocator<void> >::pose.geometry_msgs::msg::Pose_<std::allocator<void> >::orientation.geometry_msgs::msg::Quaternion_<std::allocator<void> >::x[m[K’ from ‘[01m[Kgeometry_msgs::msg::Quaternion_<std::allocator<void> >::_x_type[m[K’ {aka ‘[01m[Kdouble[m[K’} to ‘[01m[Kfloat[m[K’ [[01;35m[K-Wnarrowing[m[K]
  189 |         odom_msg.q = {msg->pose.pose.orientation.w, [01;35m[Kmsg->pose.pose.orientation.x[m[K, -(msg->pose.pose.orientation.y), -(msg->pose.pose.orientation.z)};
      |                                                     [01;35m[K~~~~~~~~~~~~~~~~~~~~~~~~~~~^[m[K
[01m[K/home/sundharvs/nist_slam_ws/src/waypoint_nav/src/main.cpp:189:83:[m[K [01;35m[Kwarning: [m[Knarrowing conversion of ‘[01m[K-((const std::__shared_ptr_access<nav_msgs::msg::Odometry_<std::allocator<void> >, __gnu_cxx::_S_atomic, false, false>*)(& msg))->std::__shared_ptr_access<nav_msgs::msg::Odometry_<std::allocator<void> >, __gnu_cxx::_S_atomic, false, false>::operator->()->nav_msgs::msg::Odometry_<std::allocator<void> >::pose.geometry_msgs::msg::PoseWithCovariance_<std::allocator<void> >::pose.geometry_msgs::msg::Pose_<std::allocator<void> >::orientation.geometry_msgs::msg::Quaternion_<std::allocator<void> >::y[m[K’ from ‘[01m[Kgeometry_msgs::msg::Quaternion_<std::allocator<void> >::_y_type[m[K’ {aka ‘[01m[Kdouble[m[K’} to ‘[01m[Kfloat[m[K’ [[01;35m[K-Wnarrowing[m[K]
  189 |         odom_msg.q = {msg->pose.pose.orientation.w, msg->pose.pose.orientation.x, [01;35m[K-(msg->pose.pose.orientation.y)[m[K, -(msg->pose.pose.orientation.z)};
      |                                                                                   [01;35m[K^~~~~~~~~~~~~~~~~~~~~~~~~~~~~~~[m[K
[01m[K/home/sundharvs/nist_slam_ws/src/waypoint_nav/src/main.cpp:189:116:[m[K [01;35m[Kwarning: [m[Knarrowing conversion of ‘[01m[K-((const std::__shared_ptr_access<nav_msgs::msg::Odometry_<std::allocator<void> >, __gnu_cxx::_S_atomic, false, false>*)(& msg))->std::__shared_ptr_access<nav_msgs::msg::Odometry_<std::allocator<void> >, __gnu_cxx::_S_atomic, false, false>::operator->()->nav_msgs::msg::Odometry_<std::allocator<void> >::pose.geometry_msgs::msg::PoseWithCovariance_<std::allocator<void> >::pose.geometry_msgs::msg::Pose_<std::allocator<void> >::orientation.geometry_msgs::msg::Quaternion_<std::allocator<void> >::z[m[K’ from ‘[01m[Kgeometry_msgs::msg::Quaternion_<std::allocator<void> >::_z_type[m[K’ {aka ‘[01m[Kdouble[m[K’} to ‘[01m[Kfloat[m[K’ [[01;35m[K-Wnarrowing[m[K]
  189 |         odom_msg.q = {msg->pose.pose.orientation.w, msg->pose.pose.orientation.x, -(msg->pose.pose.orientation.y), [01;35m[K-(msg->pose.pose.orientation.z)[m[K};
      |                                                                                                                    [01;35m[K^~~~~~~~~~~~~~~~~~~~~~~~~~~~~~~[m[K
[01m[K/home/sundharvs/nist_slam_ws/src/waypoint_nav/src/main.cpp:192:54:[m[K [01;35m[Kwarning: [m[Knarrowing conversion of ‘[01m[K((const std::__shared_ptr_access<nav_msgs::msg::Odometry_<std::allocator<void> >, __gnu_cxx::_S_atomic, false, false>*)(& msg))->std::__shared_ptr_access<nav_msgs::msg::Odometry_<std::allocator<void> >, __gnu_cxx::_S_atomic, false, false>::operator->()->nav_msgs::msg::Odometry_<std::allocator<void> >::twist.geometry_msgs::msg::TwistWithCovariance_<std::allocator<void> >::twist.geometry_msgs::msg::Twist_<std::allocator<void> >::linear.geometry_msgs::msg::Vector3_<std::allocator<void> >::x[m[K’ from ‘[01m[Kgeometry_msgs::msg::Vector3_<std::allocator<void> >::_x_type[m[K’ {aka ‘[01m[Kdouble[m[K’} to ‘[01m[Kfloat[m[K’ [[01;35m[K-Wnarrowing[m[K]
  192 |         odom_msg.velocity = {[01;35m[Kmsg->twist.twist.linear.x[m[K, -(msg->twist.twist.linear.y), -(msg->twist.twist.linear.z)};
      |                              [01;35m[K~~~~~~~~~~~~~~~~~~~~~~~~^[m[K
[01m[K/home/sundharvs/nist_slam_ws/src/waypoint_nav/src/main.cpp:192:57:[m[K [01;35m[Kwarning: [m[Knarrowing conversion of ‘[01m[K-((const std::__shared_ptr_access<nav_msgs::msg::Odometry_<std::allocator<void> >, __gnu_cxx::_S_atomic, false, false>*)(& msg))->std::__shared_ptr_access<nav_msgs::msg::Odometry_<std::allocator<void> >, __gnu_cxx::_S_atomic, false, false>::operator->()->nav_msgs::msg::Odometry_<std::allocator<void> >::twist.geometry_msgs::msg::TwistWithCovariance_<std::allocator<void> >::twist.geometry_msgs::msg::Twist_<std::allocator<void> >::linear.geometry_msgs::msg::Vector3_<std::allocator<void> >::y[m[K’ from ‘[01m[Kgeometry_msgs::msg::Vector3_<std::allocator<void> >::_y_type[m[K’ {aka ‘[01m[Kdouble[m[K’} to ‘[01m[Kfloat[m[K’ [[01;35m[K-Wnarrowing[m[K]
  192 |         odom_msg.velocity = {msg->twist.twist.linear.x, [01;35m[K-(msg->twist.twist.linear.y)[m[K, -(msg->twist.twist.linear.z)};
      |                                                         [01;35m[K^~~~~~~~~~~~~~~~~~~~~~~~~~~~[m[K
[01m[K/home/sundharvs/nist_slam_ws/src/waypoint_nav/src/main.cpp:192:87:[m[K [01;35m[Kwarning: [m[Knarrowing conversion of ‘[01m[K-((const std::__shared_ptr_access<nav_msgs::msg::Odometry_<std::allocator<void> >, __gnu_cxx::_S_atomic, false, false>*)(& msg))->std::__shared_ptr_access<nav_msgs::msg::Odometry_<std::allocator<void> >, __gnu_cxx::_S_atomic, false, false>::operator->()->nav_msgs::msg::Odometry_<std::allocator<void> >::twist.geometry_msgs::msg::TwistWithCovariance_<std::allocator<void> >::twist.geometry_msgs::msg::Twist_<std::allocator<void> >::linear.geometry_msgs::msg::Vector3_<std::allocator<void> >::z[m[K’ from ‘[01m[Kgeometry_msgs::msg::Vector3_<std::allocator<void> >::_z_type[m[K’ {aka ‘[01m[Kdouble[m[K’} to ‘[01m[Kfloat[m[K’ [[01;35m[K-Wnarrowing[m[K]
  192 |         odom_msg.velocity = {msg->twist.twist.linear.x, -(msg->twist.twist.linear.y), [01;35m[K-(msg->twist.twist.linear.z)[m[K};
      |                                                                                       [01;35m[K^~~~~~~~~~~~~~~~~~~~~~~~~~~~[m[K
[01m[K/home/sundharvs/nist_slam_ws/src/waypoint_nav/src/main.cpp:193:63:[m[K [01;35m[Kwarning: [m[Knarrowing conversion of ‘[01m[K((const std::__shared_ptr_access<nav_msgs::msg::Odometry_<std::allocator<void> >, __gnu_cxx::_S_atomic, false, false>*)(& msg))->std::__shared_ptr_access<nav_msgs::msg::Odometry_<std::allocator<void> >, __gnu_cxx::_S_atomic, false, false>::operator->()->nav_msgs::msg::Odometry_<std::allocator<void> >::twist.geometry_msgs::msg::TwistWithCovariance_<std::allocator<void> >::twist.geometry_msgs::msg::Twist_<std::allocator<void> >::angular.geometry_msgs::msg::Vector3_<std::allocator<void> >::x[m[K’ from ‘[01m[Kgeometry_msgs::msg::Vector3_<std::allocator<void> >::_x_type[m[K’ {aka ‘[01m[Kdouble[m[K’} to ‘[01m[Kfloat[m[K’ [[01;35m[K-Wnarrowing[m[K]
  193 |         odom_msg.angular_velocity = {[01;35m[Kmsg->twist.twist.angular.x[m[K, -(msg->twist.twist.angular.y), -(msg->twist.twist.angular.z)}; // in body-fixed frame (rad/s)
      |                                      [01;35m[K~~~~~~~~~~~~~~~~~~~~~~~~~^[m[K
[01m[K/home/sundharvs/nist_slam_ws/src/waypoint_nav/src/main.cpp:193:66:[m[K [01;35m[Kwarning: [m[Knarrowing conversion of ‘[01m[K-((const std::__shared_ptr_access<nav_msgs::msg::Odometry_<std::allocator<void> >, __gnu_cxx::_S_atomic, false, false>*)(& msg))->std::__shared_ptr_access<nav_msgs::msg::Odometry_<std::allocator<void> >, __gnu_cxx::_S_atomic, false, false>::operator->()->nav_msgs::msg::Odometry_<std::allocator<void> >::twist.geometry_msgs::msg::TwistWithCovariance_<std::allocator<void> >::twist.geometry_msgs::msg::Twist_<std::allocator<void> >::angular.geometry_msgs::msg::Vector3_<std::allocator<void> >::y[m[K’ from ‘[01m[Kgeometry_msgs::msg::Vector3_<std::allocator<void> >::_y_type[m[K’ {aka ‘[01m[Kdouble[m[K’} to ‘[01m[Kfloat[m[K’ [[01;35m[K-Wnarrowing[m[K]
  193 |         odom_msg.angular_velocity = {msg->twist.twist.angular.x, [01;35m[K-(msg->twist.twist.angular.y)[m[K, -(msg->twist.twist.angular.z)}; // in body-fixed frame (rad/s)
      |                                                                  [01;35m[K^~~~~~~~~~~~~~~~~~~~~~~~~~~~~[m[K
[01m[K/home/sundharvs/nist_slam_ws/src/waypoint_nav/src/main.cpp:193:97:[m[K [01;35m[Kwarning: [m[Knarrowing conversion of ‘[01m[K-((const std::__shared_ptr_access<nav_msgs::msg::Odometry_<std::allocator<void> >, __gnu_cxx::_S_atomic, false, false>*)(& msg))->std::__shared_ptr_access<nav_msgs::msg::Odometry_<std::allocator<void> >, __gnu_cxx::_S_atomic, false, false>::operator->()->nav_msgs::msg::Odometry_<std::allocator<void> >::twist.geometry_msgs::msg::TwistWithCovariance_<std::allocator<void> >::twist.geometry_msgs::msg::Twist_<std::allocator<void> >::angular.geometry_msgs::msg::Vector3_<std::allocator<void> >::z[m[K’ from ‘[01m[Kgeometry_msgs::msg::Vector3_<std::allocator<void> >::_z_type[m[K’ {aka ‘[01m[Kdouble[m[K’} to ‘[01m[Kfloat[m[K’ [[01;35m[K-Wnarrowing[m[K]
  193 |         odom_msg.angular_velocity = {msg->twist.twist.angular.x, -(msg->twist.twist.angular.y), [01;35m[K-(msg->twist.twist.angular.z)[m[K}; // in body-fixed frame (rad/s)
      |                                                                                                 [01;35m[K^~~~~~~~~~~~~~~~~~~~~~~~~~~~~[m[K
In file included from [01m[K/opt/ros/humble/include/rclcpp/rclcpp/subscription_base.hpp:32[m[K,
                 from [01m[K/opt/ros/humble/include/rclcpp/rclcpp/callback_group.hpp:29[m[K,
                 from [01m[K/opt/ros/humble/include/rclcpp/rclcpp/any_executable.hpp:20[m[K,
                 from [01m[K/opt/ros/humble/include/rclcpp/rclcpp/memory_strategy.hpp:25[m[K,
                 from [01m[K/opt/ros/humble/include/rclcpp/rclcpp/memory_strategies.hpp:18[m[K,
                 from [01m[K/opt/ros/humble/include/rclcpp/rclcpp/executor_options.hpp:20[m[K,
                 from [01m[K/opt/ros/humble/include/rclcpp/rclcpp/executor.hpp:37[m[K,
                 from [01m[K/opt/ros/humble/include/rclcpp/rclcpp/executors/multi_threaded_executor.hpp:25[m[K,
                 from [01m[K/opt/ros/humble/include/rclcpp/rclcpp/executors.hpp:21[m[K,
                 from [01m[K/opt/ros/humble/include/rclcpp/rclcpp/rclcpp.hpp:155[m[K,
                 from [01m[K/home/sundharvs/nist_slam_ws/src/waypoint_nav/src/main.cpp:1[m[K:
/opt/ros/humble/include/rclcpp/rclcpp/any_subscription_callback.hpp: In instantiation of ‘[01m[Krclcpp::AnySubscriptionCallback<MessageT, AllocatorT> rclcpp::AnySubscriptionCallback<MessageT, AllocatorT>::set(CallbackT) [with CallbackT = std::_Bind<void (WaypointNav::*())(std::shared_ptr<px4_msgs::msg::TimesyncStatus_<std::allocator<void> > >)>; MessageT = px4_msgs::msg::TimesyncStatus_<std::allocator<void> >; AllocatorT = std::allocator<void>][m[K’:
[01m[K/opt/ros/humble/include/rclcpp/rclcpp/subscription_factory.hpp:94:32:[m[K   required from ‘[01m[Krclcpp::SubscriptionFactory rclcpp::create_subscription_factory(CallbackT&&, const rclcpp::SubscriptionOptionsWithAllocator<AllocatorT>&, typename MessageMemoryStrategyT::SharedPtr, std::shared_ptr<rclcpp::topic_statistics::SubscriptionTopicStatistics<ROSMessageType> >) [with MessageT = px4_msgs::msg::TimesyncStatus_<std::allocator<void> >; CallbackT = std::_Bind<void (WaypointNav::*())(std::shared_ptr<px4_msgs::msg::TimesyncStatus_<std::allocator<void> > >)>; AllocatorT = std::allocator<void>; SubscriptionT = rclcpp::Subscription<px4_msgs::msg::TimesyncStatus_<std::allocator<void> > >; MessageMemoryStrategyT = rclcpp::message_memory_strategy::MessageMemoryStrategy<px4_msgs::msg::TimesyncStatus_<std::allocator<void> >, std::allocator<void> >; ROSMessageType = px4_msgs::msg::TimesyncStatus_<std::allocator<void> >; typename MessageMemoryStrategyT::SharedPtr = std::shared_ptr<rclcpp::message_memory_strategy::MessageMemoryStrategy<px4_msgs::msg::TimesyncStatus_<std::allocator<void> >, std::allocator<void> > >][m[K’
[01m[K/opt/ros/humble/include/rclcpp/rclcpp/create_subscription.hpp:122:63:[m[K   required from ‘[01m[Kstd::shared_ptr<ROSMessageT> rclcpp::detail::create_subscription(NodeParametersT&, NodeTopicsT&, const string&, const rclcpp::QoS&, CallbackT&&, const rclcpp::SubscriptionOptionsWithAllocator<AllocatorT>&, typename MessageMemoryStrategyT::SharedPtr) [with MessageT = px4_msgs::msg::TimesyncStatus_<std::allocator<void> >; CallbackT = std::_Bind<void (WaypointNav::*())(std::shared_ptr<px4_msgs::msg::TimesyncStatus_<std::allocator<void> > >)>; AllocatorT = std::allocator<void>; SubscriptionT = rclcpp::Subscription<px4_msgs::msg::TimesyncStatus_<std::allocator<void> > >; MessageMemoryStrategyT = rclcpp::message_memory_strategy::MessageMemoryStrategy<px4_msgs::msg::TimesyncStatus_<std::allocator<void> >, std::allocator<void> >; NodeParametersT = rclcpp::Node; NodeTopicsT = rclcpp::Node; ROSMessageType = px4_msgs::msg::TimesyncStatus_<std::allocator<void> >; std::string = std::__cxx11::basic_string<char>; typename MessageMemoryStrategyT::SharedPtr = std::shared_ptr<rclcpp::message_memory_strategy::MessageMemoryStrategy<px4_msgs::msg::TimesyncStatus_<std::allocator<void> >, std::allocator<void> > >][m[K’
[01m[K/opt/ros/humble/include/rclcpp/rclcpp/create_subscription.hpp:191:76:[m[K   required from ‘[01m[Kstd::shared_ptr<ROSMessageT> rclcpp::create_subscription(NodeT&, const string&, const rclcpp::QoS&, CallbackT&&, const rclcpp::SubscriptionOptionsWithAllocator<AllocatorT>&, typename MessageMemoryStrategyT::SharedPtr) [with MessageT = px4_msgs::msg::TimesyncStatus_<std::allocator<void> >; CallbackT = std::_Bind<void (WaypointNav::*())(std::shared_ptr<px4_msgs::msg::TimesyncStatus_<std::allocator<void> > >)>; AllocatorT = std::allocator<void>; SubscriptionT = rclcpp::Subscription<px4_msgs::msg::TimesyncStatus_<std::allocator<void> > >; MessageMemoryStrategyT = rclcpp::message_memory_strategy::MessageMemoryStrategy<px4_msgs::msg::TimesyncStatus_<std::allocator<void> >, std::allocator<void> >; NodeT = rclcpp::Node; std::string = std::__cxx11::basic_string<char>; typename MessageMemoryStrategyT::SharedPtr = std::shared_ptr<rclcpp::message_memory_strategy::MessageMemoryStrategy<px4_msgs::msg::TimesyncStatus_<std::allocator<void> >, std::allocator<void> > >][m[K’
[01m[K/opt/ros/humble/include/rclcpp/rclcpp/node_impl.hpp:99:47:[m[K   required from ‘[01m[Kstd::shared_ptr<ROSMessageT> rclcpp::Node::create_subscription(const string&, const rclcpp::QoS&, CallbackT&&, const rclcpp::SubscriptionOptionsWithAllocator<AllocatorT>&, typename MessageMemoryStrategyT::SharedPtr) [with MessageT = px4_msgs::msg::TimesyncStatus_<std::allocator<void> >; CallbackT = std::_Bind<void (WaypointNav::*())(std::shared_ptr<px4_msgs::msg::TimesyncStatus_<std::allocator<void> > >)>; AllocatorT = std::allocator<void>; SubscriptionT = rclcpp::Subscription<px4_msgs::msg::TimesyncStatus_<std::allocator<void> > >; MessageMemoryStrategyT = rclcpp::message_memory_strategy::MessageMemoryStrategy<px4_msgs::msg::TimesyncStatus_<std::allocator<void> >, std::allocator<void> >; std::string = std::__cxx11::basic_string<char>; typename MessageMemoryStrategyT::SharedPtr = std::shared_ptr<rclcpp::message_memory_strategy::MessageMemoryStrategy<px4_msgs::msg::TimesyncStatus_<std::allocator<void> >, std::allocator<void> > >][m[K’
[01m[K/home/sundharvs/nist_slam_ws/src/waypoint_nav/src/main.cpp:49:70:[m[K   required from here
[01m[K/opt/ros/humble/include/rclcpp/rclcpp/any_subscription_callback.hpp:391:22:[m[K [01;31m[Kerror: [m[Kno matching function for call to ‘[01m[Kstd::function<void(std::shared_ptr<px4_msgs::msg::TimesyncStatus_<std::allocator<void> > >)>::function(std::_Bind<void (WaypointNav::*())(std::shared_ptr<px4_msgs::msg::TimesyncStatus_<std::allocator<void> > >)>&)[m[K’
  391 |       set_deprecated([01;31m[Kstatic_cast<typename scbth::callback_type>(callback)[m[K);
      |                      [01;31m[K^~~~~~~~~~~~~~~~~~~~~~~~~~~~~~~~~~~~~~~~~~~~~~~~~~~~[m[K
In file included from [01m[K/usr/include/c++/11/future:47[m[K,
                 from [01m[K/opt/ros/humble/include/rclcpp/rclcpp/executors.hpp:18[m[K,
                 from [01m[K/opt/ros/humble/include/rclcpp/rclcpp/rclcpp.hpp:155[m[K,
                 from [01m[K/home/sundharvs/nist_slam_ws/src/waypoint_nav/src/main.cpp:1[m[K:
[01m[K/usr/include/c++/11/bits/std_function.h:435:9:[m[K [01;36m[Knote: [m[Kcandidate: ‘[01m[Ktemplate<class _Functor, class _Constraints> std::function<_Res(_ArgTypes ...)>::function(_Functor&&) [with _Functor = _Functor; _Constraints = _Constraints; _Res = void; _ArgTypes = {std::shared_ptr<px4_msgs::msg::TimesyncStatus_<std::allocator<void> > >}][m[K’
  435 |         [01;36m[Kfunction[m[K(_Functor&& __f)
      |         [01;36m[K^~~~~~~~[m[K
[01m[K/usr/include/c++/11/bits/std_function.h:435:9:[m[K [01;36m[Knote: [m[K  template argument deduction/substitution failed:
In file included from [01m[K/usr/include/c++/11/bits/move.h:57[m[K,
                 from [01m[K/usr/include/c++/11/bits/stl_pair.h:59[m[K,
                 from [01m[K/usr/include/c++/11/bits/stl_algobase.h:64[m[K,
                 from [01m[K/usr/include/c++/11/memory:63[m[K,
                 from [01m[K/opt/ros/humble/include/rclcpp/rclcpp/rclcpp.hpp:153[m[K,
                 from [01m[K/home/sundharvs/nist_slam_ws/src/waypoint_nav/src/main.cpp:1[m[K:
/usr/include/c++/11/type_traits: In substitution of ‘[01m[Ktemplate<bool _Cond, class _Tp> using __enable_if_t = typename std::enable_if::type [with bool _Cond = false; _Tp = void][m[K’:
[01m[K/usr/include/c++/11/bits/std_function.h:353:8:[m[K   required by substitution of ‘[01m[Ktemplate<class _Res, class ... _ArgTypes> template<class _Cond, class _Tp> using _Requires = std::__enable_if_t<_Cond::value, _Tp> [with _Cond = std::function<void(std::shared_ptr<px4_msgs::msg::TimesyncStatus_<std::allocator<void> > >)>::_Callable<std::_Bind<void (WaypointNav::*())(std::shared_ptr<px4_msgs::msg::TimesyncStatus_<std::allocator<void> > >)>&, std::_Bind<void (WaypointNav::*())(std::shared_ptr<px4_msgs::msg::TimesyncStatus_<std::allocator<void> > >)>, std::__invoke_result<std::_Bind<void (WaypointNav::*())(std::shared_ptr<px4_msgs::msg::TimesyncStatus_<std::allocator<void> > >)>&, std::shared_ptr<px4_msgs::msg::TimesyncStatus_<std::allocator<void> > > > >; _Tp = void; _Res = void; _ArgTypes = {std::shared_ptr<px4_msgs::msg::TimesyncStatus_<std::allocator<void> > >}][m[K’
[01m[K/usr/include/c++/11/bits/std_function.h:434:9:[m[K   required from ‘[01m[Krclcpp::AnySubscriptionCallback<MessageT, AllocatorT> rclcpp::AnySubscriptionCallback<MessageT, AllocatorT>::set(CallbackT) [with CallbackT = std::_Bind<void (WaypointNav::*())(std::shared_ptr<px4_msgs::msg::TimesyncStatus_<std::allocator<void> > >)>; MessageT = px4_msgs::msg::TimesyncStatus_<std::allocator<void> >; AllocatorT = std::allocator<void>][m[K’
[01m[K/opt/ros/humble/include/rclcpp/rclcpp/subscription_factory.hpp:94:32:[m[K   required from ‘[01m[Krclcpp::SubscriptionFactory rclcpp::create_subscription_factory(CallbackT&&, const rclcpp::SubscriptionOptionsWithAllocator<AllocatorT>&, typename MessageMemoryStrategyT::SharedPtr, std::shared_ptr<rclcpp::topic_statistics::SubscriptionTopicStatistics<ROSMessageType> >) [with MessageT = px4_msgs::msg::TimesyncStatus_<std::allocator<void> >; CallbackT = std::_Bind<void (WaypointNav::*())(std::shared_ptr<px4_msgs::msg::TimesyncStatus_<std::allocator<void> > >)>; AllocatorT = std::allocator<void>; SubscriptionT = rclcpp::Subscription<px4_msgs::msg::TimesyncStatus_<std::allocator<void> > >; MessageMemoryStrategyT = rclcpp::message_memory_strategy::MessageMemoryStrategy<px4_msgs::msg::TimesyncStatus_<std::allocator<void> >, std::allocator<void> >; ROSMessageType = px4_msgs::msg::TimesyncStatus_<std::allocator<void> >; typename MessageMemoryStrategyT::SharedPtr = std::shared_ptr<rclcpp::message_memory_strategy::MessageMemoryStrategy<px4_msgs::msg::TimesyncStatus_<std::allocator<void> >, std::allocator<void> > >][m[K’
[01m[K/opt/ros/humble/include/rclcpp/rclcpp/create_subscription.hpp:122:63:[m[K   required from ‘[01m[Kstd::shared_ptr<ROSMessageT> rclcpp::detail::create_subscription(NodeParametersT&, NodeTopicsT&, const string&, const rclcpp::QoS&, CallbackT&&, const rclcpp::SubscriptionOptionsWithAllocator<AllocatorT>&, typename MessageMemoryStrategyT::SharedPtr) [with MessageT = px4_msgs::msg::TimesyncStatus_<std::allocator<void> >; CallbackT = std::_Bind<void (WaypointNav::*())(std::shared_ptr<px4_msgs::msg::TimesyncStatus_<std::allocator<void> > >)>; AllocatorT = std::allocator<void>; SubscriptionT = rclcpp::Subscription<px4_msgs::msg::TimesyncStatus_<std::allocator<void> > >; MessageMemoryStrategyT = rclcpp::message_memory_strategy::MessageMemoryStrategy<px4_msgs::msg::TimesyncStatus_<std::allocator<void> >, std::allocator<void> >; NodeParametersT = rclcpp::Node; NodeTopicsT = rclcpp::Node; ROSMessageType = px4_msgs::msg::TimesyncStatus_<std::allocator<void> >; std::string = std::__cxx11::basic_string<char>; typename MessageMemoryStrategyT::SharedPtr = std::shared_ptr<rclcpp::message_memory_strategy::MessageMemoryStrategy<px4_msgs::msg::TimesyncStatus_<std::allocator<void> >, std::allocator<void> > >][m[K’
[01m[K/opt/ros/humble/include/rclcpp/rclcpp/create_subscription.hpp:191:76:[m[K   required from ‘[01m[Kstd::shared_ptr<ROSMessageT> rclcpp::create_subscription(NodeT&, const string&, const rclcpp::QoS&, CallbackT&&, const rclcpp::SubscriptionOptionsWithAllocator<AllocatorT>&, typename MessageMemoryStrategyT::SharedPtr) [with MessageT = px4_msgs::msg::TimesyncStatus_<std::allocator<void> >; CallbackT = std::_Bind<void (WaypointNav::*())(std::shared_ptr<px4_msgs::msg::TimesyncStatus_<std::allocator<void> > >)>; AllocatorT = std::allocator<void>; SubscriptionT = rclcpp::Subscription<px4_msgs::msg::TimesyncStatus_<std::allocator<void> > >; MessageMemoryStrategyT = rclcpp::message_memory_strategy::MessageMemoryStrategy<px4_msgs::msg::TimesyncStatus_<std::allocator<void> >, std::allocator<void> >; NodeT = rclcpp::Node; std::string = std::__cxx11::basic_string<char>; typename MessageMemoryStrategyT::SharedPtr = std::shared_ptr<rclcpp::message_memory_strategy::MessageMemoryStrategy<px4_msgs::msg::TimesyncStatus_<std::allocator<void> >, std::allocator<void> > >][m[K’
[01m[K/opt/ros/humble/include/rclcpp/rclcpp/node_impl.hpp:99:47:[m[K   required from ‘[01m[Kstd::shared_ptr<ROSMessageT> rclcpp::Node::create_subscription(const string&, const rclcpp::QoS&, CallbackT&&, const rclcpp::SubscriptionOptionsWithAllocator<AllocatorT>&, typename MessageMemoryStrategyT::SharedPtr) [with MessageT = px4_msgs::msg::TimesyncStatus_<std::allocator<void> >; CallbackT = std::_Bind<void (WaypointNav::*())(std::shared_ptr<px4_msgs::msg::TimesyncStatus_<std::allocator<void> > >)>; AllocatorT = std::allocator<void>; SubscriptionT = rclcpp::Subscription<px4_msgs::msg::TimesyncStatus_<std::allocator<void> > >; MessageMemoryStrategyT = rclcpp::message_memory_strategy::MessageMemoryStrategy<px4_msgs::msg::TimesyncStatus_<std::allocator<void> >, std::allocator<void> >; std::string = std::__cxx11::basic_string<char>; typename MessageMemoryStrategyT::SharedPtr = std::shared_ptr<rclcpp::message_memory_strategy::MessageMemoryStrategy<px4_msgs::msg::TimesyncStatus_<std::allocator<void> >, std::allocator<void> > >][m[K’
[01m[K/home/sundharvs/nist_slam_ws/src/waypoint_nav/src/main.cpp:49:70:[m[K   required from here
[01m[K/usr/include/c++/11/type_traits:2205:11:[m[K [01;31m[Kerror: [m[Kno type named ‘[01m[Ktype[m[K’ in ‘[01m[Kstruct std::enable_if<false, void>[m[K’
 2205 |     using [01;31m[K__enable_if_t[m[K = typename enable_if<_Cond, _Tp>::type;
      |           [01;31m[K^~~~~~~~~~~~~[m[K
In file included from [01m[K/usr/include/c++/11/future:47[m[K,
                 from [01m[K/opt/ros/humble/include/rclcpp/rclcpp/executors.hpp:18[m[K,
                 from [01m[K/opt/ros/humble/include/rclcpp/rclcpp/rclcpp.hpp:155[m[K,
                 from [01m[K/home/sundharvs/nist_slam_ws/src/waypoint_nav/src/main.cpp:1[m[K:
/opt/ros/humble/include/rclcpp/rclcpp/any_subscription_callback.hpp: In instantiation of ‘[01m[Krclcpp::AnySubscriptionCallback<MessageT, AllocatorT> rclcpp::AnySubscriptionCallback<MessageT, AllocatorT>::set(CallbackT) [with CallbackT = std::_Bind<void (WaypointNav::*())(std::shared_ptr<px4_msgs::msg::TimesyncStatus_<std::allocator<void> > >)>; MessageT = px4_msgs::msg::TimesyncStatus_<std::allocator<void> >; AllocatorT = std::allocator<void>][m[K’:
[01m[K/opt/ros/humble/include/rclcpp/rclcpp/subscription_factory.hpp:94:32:[m[K   required from ‘[01m[Krclcpp::SubscriptionFactory rclcpp::create_subscription_factory(CallbackT&&, const rclcpp::SubscriptionOptionsWithAllocator<AllocatorT>&, typename MessageMemoryStrategyT::SharedPtr, std::shared_ptr<rclcpp::topic_statistics::SubscriptionTopicStatistics<ROSMessageType> >) [with MessageT = px4_msgs::msg::TimesyncStatus_<std::allocator<void> >; CallbackT = std::_Bind<void (WaypointNav::*())(std::shared_ptr<px4_msgs::msg::TimesyncStatus_<std::allocator<void> > >)>; AllocatorT = std::allocator<void>; SubscriptionT = rclcpp::Subscription<px4_msgs::msg::TimesyncStatus_<std::allocator<void> > >; MessageMemoryStrategyT = rclcpp::message_memory_strategy::MessageMemoryStrategy<px4_msgs::msg::TimesyncStatus_<std::allocator<void> >, std::allocator<void> >; ROSMessageType = px4_msgs::msg::TimesyncStatus_<std::allocator<void> >; typename MessageMemoryStrategyT::SharedPtr = std::shared_ptr<rclcpp::message_memory_strategy::MessageMemoryStrategy<px4_msgs::msg::TimesyncStatus_<std::allocator<void> >, std::allocator<void> > >][m[K’
[01m[K/opt/ros/humble/include/rclcpp/rclcpp/create_subscription.hpp:122:63:[m[K   required from ‘[01m[Kstd::shared_ptr<ROSMessageT> rclcpp::detail::create_subscription(NodeParametersT&, NodeTopicsT&, const string&, const rclcpp::QoS&, CallbackT&&, const rclcpp::SubscriptionOptionsWithAllocator<AllocatorT>&, typename MessageMemoryStrategyT::SharedPtr) [with MessageT = px4_msgs::msg::TimesyncStatus_<std::allocator<void> >; CallbackT = std::_Bind<void (WaypointNav::*())(std::shared_ptr<px4_msgs::msg::TimesyncStatus_<std::allocator<void> > >)>; AllocatorT = std::allocator<void>; SubscriptionT = rclcpp::Subscription<px4_msgs::msg::TimesyncStatus_<std::allocator<void> > >; MessageMemoryStrategyT = rclcpp::message_memory_strategy::MessageMemoryStrategy<px4_msgs::msg::TimesyncStatus_<std::allocator<void> >, std::allocator<void> >; NodeParametersT = rclcpp::Node; NodeTopicsT = rclcpp::Node; ROSMessageType = px4_msgs::msg::TimesyncStatus_<std::allocator<void> >; std::string = std::__cxx11::basic_string<char>; typename MessageMemoryStrategyT::SharedPtr = std::shared_ptr<rclcpp::message_memory_strategy::MessageMemoryStrategy<px4_msgs::msg::TimesyncStatus_<std::allocator<void> >, std::allocator<void> > >][m[K’
[01m[K/opt/ros/humble/include/rclcpp/rclcpp/create_subscription.hpp:191:76:[m[K   required from ‘[01m[Kstd::shared_ptr<ROSMessageT> rclcpp::create_subscription(NodeT&, const string&, const rclcpp::QoS&, CallbackT&&, const rclcpp::SubscriptionOptionsWithAllocator<AllocatorT>&, typename MessageMemoryStrategyT::SharedPtr) [with MessageT = px4_msgs::msg::TimesyncStatus_<std::allocator<void> >; CallbackT = std::_Bind<void (WaypointNav::*())(std::shared_ptr<px4_msgs::msg::TimesyncStatus_<std::allocator<void> > >)>; AllocatorT = std::allocator<void>; SubscriptionT = rclcpp::Subscription<px4_msgs::msg::TimesyncStatus_<std::allocator<void> > >; MessageMemoryStrategyT = rclcpp::message_memory_strategy::MessageMemoryStrategy<px4_msgs::msg::TimesyncStatus_<std::allocator<void> >, std::allocator<void> >; NodeT = rclcpp::Node; std::string = std::__cxx11::basic_string<char>; typename MessageMemoryStrategyT::SharedPtr = std::shared_ptr<rclcpp::message_memory_strategy::MessageMemoryStrategy<px4_msgs::msg::TimesyncStatus_<std::allocator<void> >, std::allocator<void> > >][m[K’
[01m[K/opt/ros/humble/include/rclcpp/rclcpp/node_impl.hpp:99:47:[m[K   required from ‘[01m[Kstd::shared_ptr<ROSMessageT> rclcpp::Node::create_subscription(const string&, const rclcpp::QoS&, CallbackT&&, const rclcpp::SubscriptionOptionsWithAllocator<AllocatorT>&, typename MessageMemoryStrategyT::SharedPtr) [with MessageT = px4_msgs::msg::TimesyncStatus_<std::allocator<void> >; CallbackT = std::_Bind<void (WaypointNav::*())(std::shared_ptr<px4_msgs::msg::TimesyncStatus_<std::allocator<void> > >)>; AllocatorT = std::allocator<void>; SubscriptionT = rclcpp::Subscription<px4_msgs::msg::TimesyncStatus_<std::allocator<void> > >; MessageMemoryStrategyT = rclcpp::message_memory_strategy::MessageMemoryStrategy<px4_msgs::msg::TimesyncStatus_<std::allocator<void> >, std::allocator<void> >; std::string = std::__cxx11::basic_string<char>; typename MessageMemoryStrategyT::SharedPtr = std::shared_ptr<rclcpp::message_memory_strategy::MessageMemoryStrategy<px4_msgs::msg::TimesyncStatus_<std::allocator<void> >, std::allocator<void> > >][m[K’
[01m[K/home/sundharvs/nist_slam_ws/src/waypoint_nav/src/main.cpp:49:70:[m[K   required from here
[01m[K/usr/include/c++/11/bits/std_function.h:404:7:[m[K [01;36m[Knote: [m[Kcandidate: ‘[01m[Kstd::function<_Res(_ArgTypes ...)>::function(std::function<_Res(_ArgTypes ...)>&&) [with _Res = void; _ArgTypes = {std::shared_ptr<px4_msgs::msg::TimesyncStatus_<std::allocator<void> > >}][m[K’
  404 |       [01;36m[Kfunction[m[K(function&& __x) noexcept
      |       [01;36m[K^~~~~~~~[m[K
[01m[K/usr/include/c++/11/bits/std_function.h:404:27:[m[K [01;36m[Knote: [m[K  no known conversion for argument 1 from ‘[01m[Kstd::_Bind<void (WaypointNav::*())(std::shared_ptr<px4_msgs::msg::TimesyncStatus_<std::allocator<void> > >)>[m[K’ to ‘[01m[Kstd::function<void(std::shared_ptr<px4_msgs::msg::TimesyncStatus_<std::allocator<void> > >)>&&[m[K’
  404 |       function([01;36m[Kfunction&& __x[m[K) noexcept
      |                [01;36m[K~~~~~~~~~~~^~~[m[K
[01m[K/usr/include/c++/11/bits/std_function.h:386:7:[m[K [01;36m[Knote: [m[Kcandidate: ‘[01m[Kstd::function<_Res(_ArgTypes ...)>::function(const std::function<_Res(_ArgTypes ...)>&) [with _Res = void; _ArgTypes = {std::shared_ptr<px4_msgs::msg::TimesyncStatus_<std::allocator<void> > >}][m[K’
  386 |       [01;36m[Kfunction[m[K(const function& __x)
      |       [01;36m[K^~~~~~~~[m[K
[01m[K/usr/include/c++/11/bits/std_function.h:386:32:[m[K [01;36m[Knote: [m[K  no known conversion for argument 1 from ‘[01m[Kstd::_Bind<void (WaypointNav::*())(std::shared_ptr<px4_msgs::msg::TimesyncStatus_<std::allocator<void> > >)>[m[K’ to ‘[01m[Kconst std::function<void(std::shared_ptr<px4_msgs::msg::TimesyncStatus_<std::allocator<void> > >)>&[m[K’
  386 |       function([01;36m[Kconst function& __x[m[K)
      |                [01;36m[K~~~~~~~~~~~~~~~~^~~[m[K
[01m[K/usr/include/c++/11/bits/std_function.h:375:7:[m[K [01;36m[Knote: [m[Kcandidate: ‘[01m[Kstd::function<_Res(_ArgTypes ...)>::function(std::nullptr_t) [with _Res = void; _ArgTypes = {std::shared_ptr<px4_msgs::msg::TimesyncStatus_<std::allocator<void> > >}; std::nullptr_t = std::nullptr_t][m[K’
  375 |       [01;36m[Kfunction[m[K(nullptr_t) noexcept
      |       [01;36m[K^~~~~~~~[m[K
[01m[K/usr/include/c++/11/bits/std_function.h:375:16:[m[K [01;36m[Knote: [m[K  no known conversion for argument 1 from ‘[01m[Kstd::_Bind<void (WaypointNav::*())(std::shared_ptr<px4_msgs::msg::TimesyncStatus_<std::allocator<void> > >)>[m[K’ to ‘[01m[Kstd::nullptr_t[m[K’
  375 |       function([01;36m[Knullptr_t[m[K) noexcept
      |                [01;36m[K^~~~~~~~~[m[K
[01m[K/usr/include/c++/11/bits/std_function.h:368:7:[m[K [01;36m[Knote: [m[Kcandidate: ‘[01m[Kstd::function<_Res(_ArgTypes ...)>::function() [with _Res = void; _ArgTypes = {std::shared_ptr<px4_msgs::msg::TimesyncStatus_<std::allocator<void> > >}][m[K’
  368 |       [01;36m[Kfunction[m[K() noexcept
      |       [01;36m[K^~~~~~~~[m[K
[01m[K/usr/include/c++/11/bits/std_function.h:368:7:[m[K [01;36m[Knote: [m[K  candidate expects 0 arguments, 1 provided
gmake[2]: *** [CMakeFiles/nav.dir/build.make:76: CMakeFiles/nav.dir/src/main.cpp.o] Error 1
gmake[1]: *** [CMakeFiles/Makefile2:137: CMakeFiles/nav.dir/all] Error 2
gmake: *** [Makefile:146: all] Error 2
