[0.074s] Invoking command in '/home/sundharvs/nist_slam_ws/src/waypoint_nav/build/waypoint_nav': CMAKE_PREFIX_PATH=${CMAKE_PREFIX_PATH}:/opt/ros/humble /usr/bin/cmake --build /home/sundharvs/nist_slam_ws/src/waypoint_nav/build/waypoint_nav -- -j8 -l8
[0.109s] [35m[1mConsolidate compiler generated dependencies of target nav[0m
[0.129s] [ 50%] [32mBuilding CXX object CMakeFiles/nav.dir/src/main.cpp.o[0m
[7.564s] [01m[K/home/sundharvs/nist_slam_ws/src/waypoint_nav/src/main.cpp:101:46:[m[K [01;31m[Kerror: [m[K‘[01m[KTimesyncCallback[m[K’ does not name a type
[7.564s]   101 |                 void timesync_callback(const [01;31m[KTimesyncCallback[m[K::SharedPtr msg)
[7.564s]       |                                              [01;31m[K^~~~~~~~~~~~~~~~[m[K
[7.564s] [01m[K/home/sundharvs/nist_slam_ws/src/waypoint_nav/src/main.cpp:101:74:[m[K [01;31m[Kerror: [m[Kexpected unqualified-id before ‘[01m[Kmsg[m[K’
[7.564s]   101 |                 void timesync_callback(const TimesyncCallback::SharedPtr [01;31m[Kmsg[m[K)
[7.564s]       |                                                                          [01;31m[K^~~[m[K
[7.564s] [01m[K/home/sundharvs/nist_slam_ws/src/waypoint_nav/src/main.cpp:101:73:[m[K [01;31m[Kerror: [m[Kexpected ‘[01m[K)[m[K’ before ‘[01m[Kmsg[m[K’
[7.564s]   101 |                 void timesync_callback[34m[K([m[Kconst TimesyncCallback::SharedPtr[01;31m[K [m[K[32m[Kmsg[m[K)
[7.564s]       |                                       [34m[K~[m[K                                 [01;31m[K^[m[K[32m[K~~~[m[K
[7.564s]       |                                                                         [32m[K)[m[K
[7.564s] [01m[K/home/sundharvs/nist_slam_ws/src/waypoint_nav/src/main.cpp:101:64:[m[K [01;31m[Kerror: [m[Kexpected ‘[01m[K;[m[K’ at end of member declaration
[7.564s]   101 |                 void timesync_callback(const TimesyncCallback::[01;31m[KSharedPtr[m[K msg)
[7.564s]       |                                                                [01;31m[K^~~~~~~~~[m[K
[7.565s]       |                                                                         [32m[K;[m[K
[7.565s] [01m[K/home/sundharvs/nist_slam_ws/src/waypoint_nav/src/main.cpp:101:74:[m[K [01;31m[Kerror: [m[K‘[01m[Kmsg[m[K’ does not name a type
[7.565s]   101 |                 void timesync_callback(const TimesyncCallback::SharedPtr [01;31m[Kmsg[m[K)
[7.565s]       |                                                                          [01;31m[K^~~[m[K
[7.565s] [01m[K/home/sundharvs/nist_slam_ws/src/waypoint_nav/src/main.cpp:103:62:[m[K [01;35m[Kwarning: [m[Kextra ‘[01m[K;[m[K’ [[01;35m[K-Wpedantic[m[K]
[7.565s]   103 |                 std::array<float,3> waypoint_pos = {0,0,-0.6}[01;35m[K;[m[K
[7.565s]       |                                                              [01;35m[K^[m[K
[7.565s]       |                                                              [31m[K-[m[K
[7.565s] In file included from [01m[K/usr/include/c++/11/pstl/glue_algorithm_defs.h:13[m[K,
[7.565s]                  from [01m[K/usr/include/c++/11/algorithm:74[m[K,
[7.565s]                  from [01m[K/opt/ros/humble/include/rclcpp/rclcpp/executor.hpp:18[m[K,
[7.565s]                  from [01m[K/opt/ros/humble/include/rclcpp/rclcpp/executors/multi_threaded_executor.hpp:25[m[K,
[7.565s]                  from [01m[K/opt/ros/humble/include/rclcpp/rclcpp/executors.hpp:21[m[K,
[7.565s]                  from [01m[K/opt/ros/humble/include/rclcpp/rclcpp/rclcpp.hpp:155[m[K,
[7.566s]                  from [01m[K/home/sundharvs/nist_slam_ws/src/waypoint_nav/src/main.cpp:1[m[K:
[7.566s] /usr/include/c++/11/functional: In instantiation of ‘[01m[Kstruct std::_Bind_check_arity<void (WaypointNav::*)(...)>[m[K’:
[7.566s] [01m[K/usr/include/c++/11/functional:768:12:[m[K   required from ‘[01m[Kstruct std::_Bind_helper<false, void (WaypointNav::*)(...)>[m[K’
[7.566s] [01m[K/usr/include/c++/11/functional:789:5:[m[K   required by substitution of ‘[01m[Ktemplate<class _Func, class ... _BoundArgs> typename std::_Bind_helper<std::__is_socketlike<_Func>::value, _Func, _BoundArgs ...>::type std::bind(_Func&&, _BoundArgs&& ...) [with _Func = void (WaypointNav::*)(...); _BoundArgs = {}][m[K’
[7.566s] [01m[K/home/sundharvs/nist_slam_ws/src/waypoint_nav/src/main.cpp:49:112:[m[K   required from here
[7.566s] [01m[K/usr/include/c++/11/functional:756:21:[m[K [01;31m[Kerror: [m[Kstatic assertion failed: Wrong number of arguments for pointer-to-member
[7.566s]   755 |       static_assert(_Varargs::[01;31m[Kvalue[m[K
[7.566s]       |                               [01;31m[K~~~~~[m[K
[7.566s]   756 | [01;31m[K                    ? sizeof...(_BoundArgs) >= _Arity::value + 1[m[K
[7.566s]       |                     [01;31m[K^~~~~~~~~~~~~~~~~~~~~~~~~~~~~~~~~~~~~~~~~~~~[m[K
[7.566s]   757 | [01;31m[K                    : sizeof...(_BoundArgs) == _Arity::value + 1[m[K,
[7.566s]       |                     [01;31m[K~~~~~~~~~~~~~~~~~~~~~~~~~~~~~~~~~~~~~~~~~~~~[m[K
[7.566s] [01m[K/usr/include/c++/11/functional:756:21:[m[K [01;36m[Knote: [m[K‘[01m[K(true ? (0 >= (((long unsigned int)std::integral_constant<long unsigned int, 0>::value) + 1)) : (0 == (((long unsigned int)std::integral_constant<long unsigned int, 0>::value) + 1)))[m[K’ evaluates to false
[7.566s] /usr/include/c++/11/functional: In substitution of ‘[01m[Ktemplate<class _Functor, class ... _Bound_args> template<class _Fn, class _CallArgs, class ... _BArgs> using _Res_type_impl = typename std::result_of<_Fn&(decltype (std::_Mu<typename std::remove_cv<_BArgs>::type, std::is_bind_expression<typename std::remove_cv<_BArgs>::type>::value, (std::is_placeholder<typename std::remove_cv<_BArgs>::type>::value > 0)>()(declval<_BArgs&>(), declval<_CallArgs&>()))&& ...)>::type [with _Fn = void (WaypointNav::*)(...); _CallArgs = _CallArgs; _BArgs = {}; _Functor = void (WaypointNav::*)(...); _Bound_args = {}][m[K’:
[7.566s] [01m[K/usr/include/c++/11/functional:468:8:[m[K   required from ‘[01m[Kclass std::_Bind<void (WaypointNav::*())(...)>[m[K’
[7.566s] [01m[K/home/sundharvs/nist_slam_ws/src/waypoint_nav/src/main.cpp:49:112:[m[K   required from here
[7.566s] [01m[K/usr/include/c++/11/functional:464:15:[m[K [01;31m[Kerror: [m[Kno type named ‘[01m[Ktype[m[K’ in ‘[01m[Kstruct std::result_of<void (WaypointNav::*&())(...)>[m[K’
[7.566s]   464 |         using [01;31m[K_Res_type_impl[m[K
[7.566s]       |               [01;31m[K^~~~~~~~~~~~~~[m[K
[7.567s] /usr/include/c++/11/functional: In substitution of ‘[01m[Ktemplate<class _Functor, class ... _Bound_args> template<class _Fn, class _CallArgs, class ... _BArgs> using _Res_type_impl = typename std::result_of<_Fn&(decltype (std::_Mu<typename std::remove_cv<_BArgs>::type, std::is_bind_expression<typename std::remove_cv<_BArgs>::type>::value, (std::is_placeholder<typename std::remove_cv<_BArgs>::type>::value > 0)>()(declval<_BArgs&>(), declval<_CallArgs&>()))&& ...)>::type [with _Fn = void (WaypointNav::*)(...); _CallArgs = std::tuple<_Tps ...>; _BArgs = {}; _Functor = void (WaypointNav::*)(...); _Bound_args = {}][m[K’:
[7.567s] [01m[K/usr/include/c++/11/functional:468:8:[m[K   required by substitution of ‘[01m[Ktemplate<class _Functor, class ... _Bound_args> template<class _CallArgs> using _Res_type = std::_Bind<_Functor(_Bound_args ...)>::_Res_type_impl<_Functor, _CallArgs, _Bound_args ...> [with _CallArgs = std::tuple<_Tps ...>; _Functor = void (WaypointNav::*)(...); _Bound_args = {}][m[K’
[7.567s] [01m[K/usr/include/c++/11/functional:501:2:[m[K   required from ‘[01m[Kclass std::_Bind<void (WaypointNav::*())(...)>[m[K’
[7.567s] [01m[K/home/sundharvs/nist_slam_ws/src/waypoint_nav/src/main.cpp:49:112:[m[K   required from here
[7.567s] [01m[K/usr/include/c++/11/functional:464:15:[m[K [01;31m[Kerror: [m[Kno type named ‘[01m[Ktype[m[K’ in ‘[01m[Kstruct std::result_of<void (WaypointNav::*&())(...)>[m[K’
[7.567s] [01m[K/home/sundharvs/nist_slam_ws/src/waypoint_nav/src/main.cpp:[m[K In member function ‘[01m[Kvoid WaypointNav::publish_trajectory_setpoint()[m[K’:
[7.567s] [01m[K/home/sundharvs/nist_slam_ws/src/waypoint_nav/src/main.cpp:148:24:[m[K [01;31m[Kerror: [m[K‘[01m[Kwaypoint_pos[m[K’ was not declared in this scope; did you mean ‘[01m[Kwaypoint_yaw[m[K’?
[7.567s]   148 |         msg.position = [01;31m[Kwaypoint_pos[m[K;
[7.567s]       |                        [01;31m[K^~~~~~~~~~~~[m[K
[7.567s]       |                        [32m[Kwaypoint_yaw[m[K
[7.567s] [01m[K/home/sundharvs/nist_slam_ws/src/waypoint_nav/src/main.cpp:[m[K In member function ‘[01m[Kvoid WaypointNav::goal_callback(geometry_msgs::msg::PoseStamped_<std::allocator<void> >::SharedPtr)[m[K’:
[7.567s] [01m[K/home/sundharvs/nist_slam_ws/src/waypoint_nav/src/main.cpp:177:9:[m[K [01;31m[Kerror: [m[K‘[01m[Kwaypoint_pos[m[K’ was not declared in this scope; did you mean ‘[01m[Kwaypoint_yaw[m[K’?
[7.567s]   177 |         [01;31m[Kwaypoint_pos[m[K = {msg->pose.position.y, msg->pose.position.x, -0.6};
[7.567s]       |         [01;31m[K^~~~~~~~~~~~[m[K
[7.567s]       |         [32m[Kwaypoint_yaw[m[K
[7.567s] [01m[K/home/sundharvs/nist_slam_ws/src/waypoint_nav/src/main.cpp:[m[K In member function ‘[01m[Kvoid WaypointNav::lidar_pose_callback(nav_msgs::msg::Odometry_<std::allocator<void> >::SharedPtr)[m[K’:
[7.567s] [01m[K/home/sundharvs/nist_slam_ws/src/waypoint_nav/src/main.cpp:188:54:[m[K [01;35m[Kwarning: [m[Knarrowing conversion of ‘[01m[K((const std::__shared_ptr_access<nav_msgs::msg::Odometry_<std::allocator<void> >, __gnu_cxx::_S_atomic, false, false>*)(& msg))->std::__shared_ptr_access<nav_msgs::msg::Odometry_<std::allocator<void> >, __gnu_cxx::_S_atomic, false, false>::operator->()->nav_msgs::msg::Odometry_<std::allocator<void> >::pose.geometry_msgs::msg::PoseWithCovariance_<std::allocator<void> >::pose.geometry_msgs::msg::Pose_<std::allocator<void> >::position.geometry_msgs::msg::Point_<std::allocator<void> >::x[m[K’ from ‘[01m[Kgeometry_msgs::msg::Point_<std::allocator<void> >::_x_type[m[K’ {aka ‘[01m[Kdouble[m[K’} to ‘[01m[Kfloat[m[K’ [[01;35m[K-Wnarrowing[m[K]
[7.567s]   188 |         odom_msg.position = {[01;35m[Kmsg->pose.pose.position.x[m[K, -(msg->pose.pose.position.y), -(msg->pose.pose.position.z)};
[7.567s]       |                              [01;35m[K~~~~~~~~~~~~~~~~~~~~~~~~^[m[K
[7.567s] [01m[K/home/sundharvs/nist_slam_ws/src/waypoint_nav/src/main.cpp:188:57:[m[K [01;35m[Kwarning: [m[Knarrowing conversion of ‘[01m[K-((const std::__shared_ptr_access<nav_msgs::msg::Odometry_<std::allocator<void> >, __gnu_cxx::_S_atomic, false, false>*)(& msg))->std::__shared_ptr_access<nav_msgs::msg::Odometry_<std::allocator<void> >, __gnu_cxx::_S_atomic, false, false>::operator->()->nav_msgs::msg::Odometry_<std::allocator<void> >::pose.geometry_msgs::msg::PoseWithCovariance_<std::allocator<void> >::pose.geometry_msgs::msg::Pose_<std::allocator<void> >::position.geometry_msgs::msg::Point_<std::allocator<void> >::y[m[K’ from ‘[01m[Kgeometry_msgs::msg::Point_<std::allocator<void> >::_y_type[m[K’ {aka ‘[01m[Kdouble[m[K’} to ‘[01m[Kfloat[m[K’ [[01;35m[K-Wnarrowing[m[K]
[7.567s]   188 |         odom_msg.position = {msg->pose.pose.position.x, [01;35m[K-(msg->pose.pose.position.y)[m[K, -(msg->pose.pose.position.z)};
[7.568s]       |                                                         [01;35m[K^~~~~~~~~~~~~~~~~~~~~~~~~~~~[m[K
[7.568s] [01m[K/home/sundharvs/nist_slam_ws/src/waypoint_nav/src/main.cpp:188:87:[m[K [01;35m[Kwarning: [m[Knarrowing conversion of ‘[01m[K-((const std::__shared_ptr_access<nav_msgs::msg::Odometry_<std::allocator<void> >, __gnu_cxx::_S_atomic, false, false>*)(& msg))->std::__shared_ptr_access<nav_msgs::msg::Odometry_<std::allocator<void> >, __gnu_cxx::_S_atomic, false, false>::operator->()->nav_msgs::msg::Odometry_<std::allocator<void> >::pose.geometry_msgs::msg::PoseWithCovariance_<std::allocator<void> >::pose.geometry_msgs::msg::Pose_<std::allocator<void> >::position.geometry_msgs::msg::Point_<std::allocator<void> >::z[m[K’ from ‘[01m[Kgeometry_msgs::msg::Point_<std::allocator<void> >::_z_type[m[K’ {aka ‘[01m[Kdouble[m[K’} to ‘[01m[Kfloat[m[K’ [[01;35m[K-Wnarrowing[m[K]
[7.568s]   188 |         odom_msg.position = {msg->pose.pose.position.x, -(msg->pose.pose.position.y), [01;35m[K-(msg->pose.pose.position.z)[m[K};
[7.568s]       |                                                                                       [01;35m[K^~~~~~~~~~~~~~~~~~~~~~~~~~~~[m[K
[7.568s] [01m[K/home/sundharvs/nist_slam_ws/src/waypoint_nav/src/main.cpp:189:50:[m[K [01;35m[Kwarning: [m[Knarrowing conversion of ‘[01m[K((const std::__shared_ptr_access<nav_msgs::msg::Odometry_<std::allocator<void> >, __gnu_cxx::_S_atomic, false, false>*)(& msg))->std::__shared_ptr_access<nav_msgs::msg::Odometry_<std::allocator<void> >, __gnu_cxx::_S_atomic, false, false>::operator->()->nav_msgs::msg::Odometry_<std::allocator<void> >::pose.geometry_msgs::msg::PoseWithCovariance_<std::allocator<void> >::pose.geometry_msgs::msg::Pose_<std::allocator<void> >::orientation.geometry_msgs::msg::Quaternion_<std::allocator<void> >::w[m[K’ from ‘[01m[Kgeometry_msgs::msg::Quaternion_<std::allocator<void> >::_w_type[m[K’ {aka ‘[01m[Kdouble[m[K’} to ‘[01m[Kfloat[m[K’ [[01;35m[K-Wnarrowing[m[K]
[7.568s]   189 |         odom_msg.q = {[01;35m[Kmsg->pose.pose.orientation.w[m[K, msg->pose.pose.orientation.x, -(msg->pose.pose.orientation.y), -(msg->pose.pose.orientation.z)};
[7.568s]       |                       [01;35m[K~~~~~~~~~~~~~~~~~~~~~~~~~~~^[m[K
[7.568s] [01m[K/home/sundharvs/nist_slam_ws/src/waypoint_nav/src/main.cpp:189:80:[m[K [01;35m[Kwarning: [m[Knarrowing conversion of ‘[01m[K((const std::__shared_ptr_access<nav_msgs::msg::Odometry_<std::allocator<void> >, __gnu_cxx::_S_atomic, false, false>*)(& msg))->std::__shared_ptr_access<nav_msgs::msg::Odometry_<std::allocator<void> >, __gnu_cxx::_S_atomic, false, false>::operator->()->nav_msgs::msg::Odometry_<std::allocator<void> >::pose.geometry_msgs::msg::PoseWithCovariance_<std::allocator<void> >::pose.geometry_msgs::msg::Pose_<std::allocator<void> >::orientation.geometry_msgs::msg::Quaternion_<std::allocator<void> >::x[m[K’ from ‘[01m[Kgeometry_msgs::msg::Quaternion_<std::allocator<void> >::_x_type[m[K’ {aka ‘[01m[Kdouble[m[K’} to ‘[01m[Kfloat[m[K’ [[01;35m[K-Wnarrowing[m[K]
[7.568s]   189 |         odom_msg.q = {msg->pose.pose.orientation.w, [01;35m[Kmsg->pose.pose.orientation.x[m[K, -(msg->pose.pose.orientation.y), -(msg->pose.pose.orientation.z)};
[7.568s]       |                                                     [01;35m[K~~~~~~~~~~~~~~~~~~~~~~~~~~~^[m[K
[7.568s] [01m[K/home/sundharvs/nist_slam_ws/src/waypoint_nav/src/main.cpp:189:83:[m[K [01;35m[Kwarning: [m[Knarrowing conversion of ‘[01m[K-((const std::__shared_ptr_access<nav_msgs::msg::Odometry_<std::allocator<void> >, __gnu_cxx::_S_atomic, false, false>*)(& msg))->std::__shared_ptr_access<nav_msgs::msg::Odometry_<std::allocator<void> >, __gnu_cxx::_S_atomic, false, false>::operator->()->nav_msgs::msg::Odometry_<std::allocator<void> >::pose.geometry_msgs::msg::PoseWithCovariance_<std::allocator<void> >::pose.geometry_msgs::msg::Pose_<std::allocator<void> >::orientation.geometry_msgs::msg::Quaternion_<std::allocator<void> >::y[m[K’ from ‘[01m[Kgeometry_msgs::msg::Quaternion_<std::allocator<void> >::_y_type[m[K’ {aka ‘[01m[Kdouble[m[K’} to ‘[01m[Kfloat[m[K’ [[01;35m[K-Wnarrowing[m[K]
[7.568s]   189 |         odom_msg.q = {msg->pose.pose.orientation.w, msg->pose.pose.orientation.x, [01;35m[K-(msg->pose.pose.orientation.y)[m[K, -(msg->pose.pose.orientation.z)};
[7.568s]       |                                                                                   [01;35m[K^~~~~~~~~~~~~~~~~~~~~~~~~~~~~~~[m[K
[7.569s] [01m[K/home/sundharvs/nist_slam_ws/src/waypoint_nav/src/main.cpp:189:116:[m[K [01;35m[Kwarning: [m[Knarrowing conversion of ‘[01m[K-((const std::__shared_ptr_access<nav_msgs::msg::Odometry_<std::allocator<void> >, __gnu_cxx::_S_atomic, false, false>*)(& msg))->std::__shared_ptr_access<nav_msgs::msg::Odometry_<std::allocator<void> >, __gnu_cxx::_S_atomic, false, false>::operator->()->nav_msgs::msg::Odometry_<std::allocator<void> >::pose.geometry_msgs::msg::PoseWithCovariance_<std::allocator<void> >::pose.geometry_msgs::msg::Pose_<std::allocator<void> >::orientation.geometry_msgs::msg::Quaternion_<std::allocator<void> >::z[m[K’ from ‘[01m[Kgeometry_msgs::msg::Quaternion_<std::allocator<void> >::_z_type[m[K’ {aka ‘[01m[Kdouble[m[K’} to ‘[01m[Kfloat[m[K’ [[01;35m[K-Wnarrowing[m[K]
[7.569s]   189 |         odom_msg.q = {msg->pose.pose.orientation.w, msg->pose.pose.orientation.x, -(msg->pose.pose.orientation.y), [01;35m[K-(msg->pose.pose.orientation.z)[m[K};
[7.569s]       |                                                                                                                    [01;35m[K^~~~~~~~~~~~~~~~~~~~~~~~~~~~~~~[m[K
[7.569s] [01m[K/home/sundharvs/nist_slam_ws/src/waypoint_nav/src/main.cpp:192:54:[m[K [01;35m[Kwarning: [m[Knarrowing conversion of ‘[01m[K((const std::__shared_ptr_access<nav_msgs::msg::Odometry_<std::allocator<void> >, __gnu_cxx::_S_atomic, false, false>*)(& msg))->std::__shared_ptr_access<nav_msgs::msg::Odometry_<std::allocator<void> >, __gnu_cxx::_S_atomic, false, false>::operator->()->nav_msgs::msg::Odometry_<std::allocator<void> >::twist.geometry_msgs::msg::TwistWithCovariance_<std::allocator<void> >::twist.geometry_msgs::msg::Twist_<std::allocator<void> >::linear.geometry_msgs::msg::Vector3_<std::allocator<void> >::x[m[K’ from ‘[01m[Kgeometry_msgs::msg::Vector3_<std::allocator<void> >::_x_type[m[K’ {aka ‘[01m[Kdouble[m[K’} to ‘[01m[Kfloat[m[K’ [[01;35m[K-Wnarrowing[m[K]
[7.569s]   192 |         odom_msg.velocity = {[01;35m[Kmsg->twist.twist.linear.x[m[K, -(msg->twist.twist.linear.y), -(msg->twist.twist.linear.z)};
[7.569s]       |                              [01;35m[K~~~~~~~~~~~~~~~~~~~~~~~~^[m[K
[7.569s] [01m[K/home/sundharvs/nist_slam_ws/src/waypoint_nav/src/main.cpp:192:57:[m[K [01;35m[Kwarning: [m[Knarrowing conversion of ‘[01m[K-((const std::__shared_ptr_access<nav_msgs::msg::Odometry_<std::allocator<void> >, __gnu_cxx::_S_atomic, false, false>*)(& msg))->std::__shared_ptr_access<nav_msgs::msg::Odometry_<std::allocator<void> >, __gnu_cxx::_S_atomic, false, false>::operator->()->nav_msgs::msg::Odometry_<std::allocator<void> >::twist.geometry_msgs::msg::TwistWithCovariance_<std::allocator<void> >::twist.geometry_msgs::msg::Twist_<std::allocator<void> >::linear.geometry_msgs::msg::Vector3_<std::allocator<void> >::y[m[K’ from ‘[01m[Kgeometry_msgs::msg::Vector3_<std::allocator<void> >::_y_type[m[K’ {aka ‘[01m[Kdouble[m[K’} to ‘[01m[Kfloat[m[K’ [[01;35m[K-Wnarrowing[m[K]
[7.569s]   192 |         odom_msg.velocity = {msg->twist.twist.linear.x, [01;35m[K-(msg->twist.twist.linear.y)[m[K, -(msg->twist.twist.linear.z)};
[7.569s]       |                                                         [01;35m[K^~~~~~~~~~~~~~~~~~~~~~~~~~~~[m[K
[7.570s] [01m[K/home/sundharvs/nist_slam_ws/src/waypoint_nav/src/main.cpp:192:87:[m[K [01;35m[Kwarning: [m[Knarrowing conversion of ‘[01m[K-((const std::__shared_ptr_access<nav_msgs::msg::Odometry_<std::allocator<void> >, __gnu_cxx::_S_atomic, false, false>*)(& msg))->std::__shared_ptr_access<nav_msgs::msg::Odometry_<std::allocator<void> >, __gnu_cxx::_S_atomic, false, false>::operator->()->nav_msgs::msg::Odometry_<std::allocator<void> >::twist.geometry_msgs::msg::TwistWithCovariance_<std::allocator<void> >::twist.geometry_msgs::msg::Twist_<std::allocator<void> >::linear.geometry_msgs::msg::Vector3_<std::allocator<void> >::z[m[K’ from ‘[01m[Kgeometry_msgs::msg::Vector3_<std::allocator<void> >::_z_type[m[K’ {aka ‘[01m[Kdouble[m[K’} to ‘[01m[Kfloat[m[K’ [[01;35m[K-Wnarrowing[m[K]
[7.570s]   192 |         odom_msg.velocity = {msg->twist.twist.linear.x, -(msg->twist.twist.linear.y), [01;35m[K-(msg->twist.twist.linear.z)[m[K};
[7.570s]       |                                                                                       [01;35m[K^~~~~~~~~~~~~~~~~~~~~~~~~~~~[m[K
[7.570s] [01m[K/home/sundharvs/nist_slam_ws/src/waypoint_nav/src/main.cpp:193:63:[m[K [01;35m[Kwarning: [m[Knarrowing conversion of ‘[01m[K((const std::__shared_ptr_access<nav_msgs::msg::Odometry_<std::allocator<void> >, __gnu_cxx::_S_atomic, false, false>*)(& msg))->std::__shared_ptr_access<nav_msgs::msg::Odometry_<std::allocator<void> >, __gnu_cxx::_S_atomic, false, false>::operator->()->nav_msgs::msg::Odometry_<std::allocator<void> >::twist.geometry_msgs::msg::TwistWithCovariance_<std::allocator<void> >::twist.geometry_msgs::msg::Twist_<std::allocator<void> >::angular.geometry_msgs::msg::Vector3_<std::allocator<void> >::x[m[K’ from ‘[01m[Kgeometry_msgs::msg::Vector3_<std::allocator<void> >::_x_type[m[K’ {aka ‘[01m[Kdouble[m[K’} to ‘[01m[Kfloat[m[K’ [[01;35m[K-Wnarrowing[m[K]
[7.570s]   193 |         odom_msg.angular_velocity = {[01;35m[Kmsg->twist.twist.angular.x[m[K, -(msg->twist.twist.angular.y), -(msg->twist.twist.angular.z)}; // in body-fixed frame (rad/s)
[7.570s]       |                                      [01;35m[K~~~~~~~~~~~~~~~~~~~~~~~~~^[m[K
[7.570s] [01m[K/home/sundharvs/nist_slam_ws/src/waypoint_nav/src/main.cpp:193:66:[m[K [01;35m[Kwarning: [m[Knarrowing conversion of ‘[01m[K-((const std::__shared_ptr_access<nav_msgs::msg::Odometry_<std::allocator<void> >, __gnu_cxx::_S_atomic, false, false>*)(& msg))->std::__shared_ptr_access<nav_msgs::msg::Odometry_<std::allocator<void> >, __gnu_cxx::_S_atomic, false, false>::operator->()->nav_msgs::msg::Odometry_<std::allocator<void> >::twist.geometry_msgs::msg::TwistWithCovariance_<std::allocator<void> >::twist.geometry_msgs::msg::Twist_<std::allocator<void> >::angular.geometry_msgs::msg::Vector3_<std::allocator<void> >::y[m[K’ from ‘[01m[Kgeometry_msgs::msg::Vector3_<std::allocator<void> >::_y_type[m[K’ {aka ‘[01m[Kdouble[m[K’} to ‘[01m[Kfloat[m[K’ [[01;35m[K-Wnarrowing[m[K]
[7.570s]   193 |         odom_msg.angular_velocity = {msg->twist.twist.angular.x, [01;35m[K-(msg->twist.twist.angular.y)[m[K, -(msg->twist.twist.angular.z)}; // in body-fixed frame (rad/s)
[7.570s]       |                                                                  [01;35m[K^~~~~~~~~~~~~~~~~~~~~~~~~~~~~[m[K
[7.570s] [01m[K/home/sundharvs/nist_slam_ws/src/waypoint_nav/src/main.cpp:193:97:[m[K [01;35m[Kwarning: [m[Knarrowing conversion of ‘[01m[K-((const std::__shared_ptr_access<nav_msgs::msg::Odometry_<std::allocator<void> >, __gnu_cxx::_S_atomic, false, false>*)(& msg))->std::__shared_ptr_access<nav_msgs::msg::Odometry_<std::allocator<void> >, __gnu_cxx::_S_atomic, false, false>::operator->()->nav_msgs::msg::Odometry_<std::allocator<void> >::twist.geometry_msgs::msg::TwistWithCovariance_<std::allocator<void> >::twist.geometry_msgs::msg::Twist_<std::allocator<void> >::angular.geometry_msgs::msg::Vector3_<std::allocator<void> >::z[m[K’ from ‘[01m[Kgeometry_msgs::msg::Vector3_<std::allocator<void> >::_z_type[m[K’ {aka ‘[01m[Kdouble[m[K’} to ‘[01m[Kfloat[m[K’ [[01;35m[K-Wnarrowing[m[K]
[7.570s]   193 |         odom_msg.angular_velocity = {msg->twist.twist.angular.x, -(msg->twist.twist.angular.y), [01;35m[K-(msg->twist.twist.angular.z)[m[K}; // in body-fixed frame (rad/s)
[7.571s]       |                                                                                                 [01;35m[K^~~~~~~~~~~~~~~~~~~~~~~~~~~~~[m[K
[7.571s] [01m[K/home/sundharvs/nist_slam_ws/src/waypoint_nav/src/main.cpp:201:17:[m[K [01;31m[Kerror: [m[K‘[01m[Kwaypoint_pos[m[K’ was not declared in this scope; did you mean ‘[01m[Kwaypoint_yaw[m[K’?
[7.571s]   201 |         if(fabs([01;31m[Kwaypoint_pos[m[K[0] - odom_msg.position[0]) > 0.5){
[7.571s]       |                 [01;31m[K^~~~~~~~~~~~[m[K
[7.571s]       |                 [32m[Kwaypoint_yaw[m[K
[7.571s] [01m[K/home/sundharvs/nist_slam_ws/src/waypoint_nav/src/main.cpp:[m[K At global scope:
[7.571s] [01m[K/home/sundharvs/nist_slam_ws/src/waypoint_nav/src/main.cpp:206:6:[m[K [01;31m[Kerror: [m[Kno declaration matches ‘[01m[Kvoid WaypointNav::timesync_callback(px4_msgs::msg::TimesyncStatus_<std::allocator<void> >::SharedPtr)[m[K’
[7.571s]   206 | void [01;31m[KWaypointNav[m[K::timesync_callback(const TimesyncStatus::SharedPtr msg)
[7.571s]       |      [01;31m[K^~~~~~~~~~~[m[K
[7.571s] [01m[K/home/sundharvs/nist_slam_ws/src/waypoint_nav/src/main.cpp:101:22:[m[K [01;36m[Knote: [m[Kcandidate is: ‘[01m[Kvoid WaypointNav::timesync_callback(...)[m[K’
[7.571s]   101 |                 void [01;36m[Ktimesync_callback[m[K(const TimesyncCallback::SharedPtr msg)
[7.571s]       |                      [01;36m[K^~~~~~~~~~~~~~~~~[m[K
[7.571s] [01m[K/home/sundharvs/nist_slam_ws/src/waypoint_nav/src/main.cpp:35:7:[m[K [01;36m[Knote: [m[K‘[01m[Kclass WaypointNav[m[K’ defined here
[7.571s]    35 | class [01;36m[KWaypointNav[m[K : public rclcpp::Node
[7.571s]       |       [01;36m[K^~~~~~~~~~~[m[K
[7.571s] In file included from [01m[K/opt/ros/humble/include/rclcpp/rclcpp/client.hpp:39[m[K,
[7.571s]                  from [01m[K/opt/ros/humble/include/rclcpp/rclcpp/callback_group.hpp:24[m[K,
[7.571s]                  from [01m[K/opt/ros/humble/include/rclcpp/rclcpp/any_executable.hpp:20[m[K,
[7.571s]                  from [01m[K/opt/ros/humble/include/rclcpp/rclcpp/memory_strategy.hpp:25[m[K,
[7.571s]                  from [01m[K/opt/ros/humble/include/rclcpp/rclcpp/memory_strategies.hpp:18[m[K,
[7.571s]                  from [01m[K/opt/ros/humble/include/rclcpp/rclcpp/executor_options.hpp:20[m[K,
[7.571s]                  from [01m[K/opt/ros/humble/include/rclcpp/rclcpp/executor.hpp:37[m[K,
[7.571s]                  from [01m[K/opt/ros/humble/include/rclcpp/rclcpp/executors/multi_threaded_executor.hpp:25[m[K,
[7.572s]                  from [01m[K/opt/ros/humble/include/rclcpp/rclcpp/executors.hpp:21[m[K,
[7.572s]                  from [01m[K/opt/ros/humble/include/rclcpp/rclcpp/rclcpp.hpp:155[m[K,
[7.572s]                  from [01m[K/home/sundharvs/nist_slam_ws/src/waypoint_nav/src/main.cpp:1[m[K:
[7.572s] /opt/ros/humble/include/rclcpp/rclcpp/function_traits.hpp: In instantiation of ‘[01m[Kstruct rclcpp::function_traits::function_traits<std::_Bind<void (WaypointNav::*())(...)> >[m[K’:
[7.572s] [01m[K/opt/ros/humble/include/rclcpp/rclcpp/any_subscription_callback.hpp:380:10:[m[K   recursively required by substitution of ‘[01m[Ktemplate<class MessageT, class CallbackT> struct rclcpp::detail::SubscriptionCallbackTypeHelper<MessageT, CallbackT, typename std::enable_if<rclcpp::function_traits::same_arguments<CallbackT, std::function<void(std::shared_ptr<_Tp>, const rclcpp::MessageInfo&)> >::value, void>::type> [with MessageT = px4_msgs::msg::TimesyncStatus_<std::allocator<void> >; CallbackT = std::_Bind<void (WaypointNav::*())(...)>][m[K’
[7.572s] [01m[K/opt/ros/humble/include/rclcpp/rclcpp/any_subscription_callback.hpp:380:10:[m[K   required from ‘[01m[Krclcpp::AnySubscriptionCallback<MessageT, AllocatorT> rclcpp::AnySubscriptionCallback<MessageT, AllocatorT>::set(CallbackT) [with CallbackT = std::_Bind<void (WaypointNav::*())(...)>; MessageT = px4_msgs::msg::TimesyncStatus_<std::allocator<void> >; AllocatorT = std::allocator<void>][m[K’
[7.572s] [01m[K/opt/ros/humble/include/rclcpp/rclcpp/subscription_factory.hpp:94:32:[m[K   required from ‘[01m[Krclcpp::SubscriptionFactory rclcpp::create_subscription_factory(CallbackT&&, const rclcpp::SubscriptionOptionsWithAllocator<AllocatorT>&, typename MessageMemoryStrategyT::SharedPtr, std::shared_ptr<rclcpp::topic_statistics::SubscriptionTopicStatistics<ROSMessageType> >) [with MessageT = px4_msgs::msg::TimesyncStatus_<std::allocator<void> >; CallbackT = std::_Bind<void (WaypointNav::*())(...)>; AllocatorT = std::allocator<void>; SubscriptionT = rclcpp::Subscription<px4_msgs::msg::TimesyncStatus_<std::allocator<void> > >; MessageMemoryStrategyT = rclcpp::message_memory_strategy::MessageMemoryStrategy<px4_msgs::msg::TimesyncStatus_<std::allocator<void> >, std::allocator<void> >; ROSMessageType = px4_msgs::msg::TimesyncStatus_<std::allocator<void> >; typename MessageMemoryStrategyT::SharedPtr = std::shared_ptr<rclcpp::message_memory_strategy::MessageMemoryStrategy<px4_msgs::msg::TimesyncStatus_<std::allocator<void> >, std::allocator<void> > >][m[K’
[7.572s] [01m[K/opt/ros/humble/include/rclcpp/rclcpp/create_subscription.hpp:122:63:[m[K   required from ‘[01m[Kstd::shared_ptr<ROSMessageT> rclcpp::detail::create_subscription(NodeParametersT&, NodeTopicsT&, const string&, const rclcpp::QoS&, CallbackT&&, const rclcpp::SubscriptionOptionsWithAllocator<AllocatorT>&, typename MessageMemoryStrategyT::SharedPtr) [with MessageT = px4_msgs::msg::TimesyncStatus_<std::allocator<void> >; CallbackT = std::_Bind<void (WaypointNav::*())(...)>; AllocatorT = std::allocator<void>; SubscriptionT = rclcpp::Subscription<px4_msgs::msg::TimesyncStatus_<std::allocator<void> > >; MessageMemoryStrategyT = rclcpp::message_memory_strategy::MessageMemoryStrategy<px4_msgs::msg::TimesyncStatus_<std::allocator<void> >, std::allocator<void> >; NodeParametersT = rclcpp::Node; NodeTopicsT = rclcpp::Node; ROSMessageType = px4_msgs::msg::TimesyncStatus_<std::allocator<void> >; std::string = std::__cxx11::basic_string<char>; typename MessageMemoryStrategyT::SharedPtr = std::shared_ptr<rclcpp::message_memory_strategy::MessageMemoryStrategy<px4_msgs::msg::TimesyncStatus_<std::allocator<void> >, std::allocator<void> > >][m[K’
[7.572s] [01m[K/opt/ros/humble/include/rclcpp/rclcpp/create_subscription.hpp:191:76:[m[K   required from ‘[01m[Kstd::shared_ptr<ROSMessageT> rclcpp::create_subscription(NodeT&, const string&, const rclcpp::QoS&, CallbackT&&, const rclcpp::SubscriptionOptionsWithAllocator<AllocatorT>&, typename MessageMemoryStrategyT::SharedPtr) [with MessageT = px4_msgs::msg::TimesyncStatus_<std::allocator<void> >; CallbackT = std::_Bind<void (WaypointNav::*())(...)>; AllocatorT = std::allocator<void>; SubscriptionT = rclcpp::Subscription<px4_msgs::msg::TimesyncStatus_<std::allocator<void> > >; MessageMemoryStrategyT = rclcpp::message_memory_strategy::MessageMemoryStrategy<px4_msgs::msg::TimesyncStatus_<std::allocator<void> >, std::allocator<void> >; NodeT = rclcpp::Node; std::string = std::__cxx11::basic_string<char>; typename MessageMemoryStrategyT::SharedPtr = std::shared_ptr<rclcpp::message_memory_strategy::MessageMemoryStrategy<px4_msgs::msg::TimesyncStatus_<std::allocator<void> >, std::allocator<void> > >][m[K’
[7.572s] [01m[K/opt/ros/humble/include/rclcpp/rclcpp/node_impl.hpp:99:47:[m[K   required from ‘[01m[Kstd::shared_ptr<ROSMessageT> rclcpp::Node::create_subscription(const string&, const rclcpp::QoS&, CallbackT&&, const rclcpp::SubscriptionOptionsWithAllocator<AllocatorT>&, typename MessageMemoryStrategyT::SharedPtr) [with MessageT = px4_msgs::msg::TimesyncStatus_<std::allocator<void> >; CallbackT = std::_Bind<void (WaypointNav::*())(...)>; AllocatorT = std::allocator<void>; SubscriptionT = rclcpp::Subscription<px4_msgs::msg::TimesyncStatus_<std::allocator<void> > >; MessageMemoryStrategyT = rclcpp::message_memory_strategy::MessageMemoryStrategy<px4_msgs::msg::TimesyncStatus_<std::allocator<void> >, std::allocator<void> >; std::string = std::__cxx11::basic_string<char>; typename MessageMemoryStrategyT::SharedPtr = std::shared_ptr<rclcpp::message_memory_strategy::MessageMemoryStrategy<px4_msgs::msg::TimesyncStatus_<std::allocator<void> >, std::allocator<void> > >][m[K’
[7.572s] [01m[K/home/sundharvs/nist_slam_ws/src/waypoint_nav/src/main.cpp:49:70:[m[K   required from here
[7.572s] [01m[K/opt/ros/humble/include/rclcpp/rclcpp/function_traits.hpp:51:9:[m[K [01;31m[Kerror: [m[K‘[01m[Kdecltype[m[K’ cannot resolve address of overloaded function
[7.572s]    51 |   using [01;31m[Karguments[m[K = typename tuple_tail<
[7.572s]       |         [01;31m[K^~~~~~~~~[m[K
[7.572s] [01m[K/opt/ros/humble/include/rclcpp/rclcpp/function_traits.hpp:57:9:[m[K [01;31m[Kerror: [m[K‘[01m[Kdecltype[m[K’ cannot resolve address of overloaded function
[7.572s]    57 |   using [01;31m[Kargument_type[m[K = typename std::tuple_element<N, arguments>::type;
[7.572s]       |         [01;31m[K^~~~~~~~~~~~~[m[K
[7.572s] [01m[K/opt/ros/humble/include/rclcpp/rclcpp/function_traits.hpp:59:9:[m[K [01;31m[Kerror: [m[K‘[01m[Kdecltype[m[K’ cannot resolve address of overloaded function
[7.572s]    59 |   using [01;31m[Kreturn_type[m[K = typename function_traits<decltype( &FunctionT::operator())>::return_type;
[7.572s]       |         [01;31m[K^~~~~~~~~~~[m[K
[7.572s] gmake[2]: *** [CMakeFiles/nav.dir/build.make:76: CMakeFiles/nav.dir/src/main.cpp.o] Error 1
[7.572s] gmake[1]: *** [CMakeFiles/Makefile2:137: CMakeFiles/nav.dir/all] Error 2
[7.573s] gmake: *** [Makefile:146: all] Error 2
[7.573s] Invoked command in '/home/sundharvs/nist_slam_ws/src/waypoint_nav/build/waypoint_nav' returned '2': CMAKE_PREFIX_PATH=${CMAKE_PREFIX_PATH}:/opt/ros/humble /usr/bin/cmake --build /home/sundharvs/nist_slam_ws/src/waypoint_nav/build/waypoint_nav -- -j8 -l8
